2025-06-17 21:15:54 - INFO - Epoch 0 完成 | 训练损失: 254.8799 | 测试损失: 143.5721 | 单轮耗时: 111.32s
2025-06-17 21:15:56 - INFO - 训练损失更优（254.8799），已保存模型至 model/best_train_model.pkl
2025-06-17 21:15:58 - INFO - 测试损失更优（143.5721），已保存模型至 model/best_test_model.pkl
2025-06-17 21:16:00 - INFO - 平均损失更优（199.2260），已保存模型至 model/best_avg_model.pkl
2025-06-17 21:18:04 - INFO - Epoch 1 完成 | 训练损失: 144.1181 | 测试损失: 129.5422 | 单轮耗时: 111.51s
2025-06-17 21:18:05 - INFO - 训练损失更优（144.1181），已保存模型至 model/best_train_model.pkl
2025-06-17 21:18:07 - INFO - 测试损失更优（129.5422），已保存模型至 model/best_test_model.pkl
2025-06-17 21:18:09 - INFO - 平均损失更优（136.8301），已保存模型至 model/best_avg_model.pkl
2025-06-17 21:20:12 - INFO - Epoch 2 完成 | 训练损失: 133.0042 | 测试损失: 122.5794 | 单轮耗时: 111.32s
2025-06-17 21:20:14 - INFO - 训练损失更优（133.0042），已保存模型至 model/best_train_model.pkl
2025-06-17 21:20:16 - INFO - 测试损失更优（122.5794），已保存模型至 model/best_test_model.pkl
2025-06-17 21:20:18 - INFO - 平均损失更优（127.7918），已保存模型至 model/best_avg_model.pkl
2025-06-17 21:22:21 - INFO - Epoch 3 完成 | 训练损失: 123.8490 | 测试损失: 114.1241 | 单轮耗时: 111.41s
2025-06-17 21:22:23 - INFO - 训练损失更优（123.8490），已保存模型至 model/best_train_model.pkl
2025-06-17 21:22:25 - INFO - 测试损失更优（114.1241），已保存模型至 model/best_test_model.pkl
2025-06-17 21:22:27 - INFO - 平均损失更优（118.9865），已保存模型至 model/best_avg_model.pkl
2025-06-17 21:24:30 - INFO - Epoch 4 完成 | 训练损失: 116.1263 | 测试损失: 116.8546 | 单轮耗时: 111.28s
2025-06-17 21:24:32 - INFO - 训练损失更优（116.1263），已保存模型至 model/best_train_model.pkl
2025-06-17 21:24:34 - INFO - 平均损失更优（116.4905），已保存模型至 model/best_avg_model.pkl
2025-06-17 21:26:38 - INFO - Epoch 5 完成 | 训练损失: 112.4350 | 测试损失: 110.9627 | 单轮耗时: 111.39s
2025-06-17 21:26:39 - INFO - 训练损失更优（112.4350），已保存模型至 model/best_train_model.pkl
2025-06-17 21:26:41 - INFO - 测试损失更优（110.9627），已保存模型至 model/best_test_model.pkl
2025-06-17 21:26:43 - INFO - 平均损失更优（111.6989），已保存模型至 model/best_avg_model.pkl
2025-06-17 21:28:46 - INFO - Epoch 6 完成 | 训练损失: 111.2449 | 测试损失: 102.8018 | 单轮耗时: 111.39s
2025-06-17 21:28:48 - INFO - 训练损失更优（111.2449），已保存模型至 model/best_train_model.pkl
2025-06-17 21:28:50 - INFO - 测试损失更优（102.8018），已保存模型至 model/best_test_model.pkl
2025-06-17 21:28:52 - INFO - 平均损失更优（107.0233），已保存模型至 model/best_avg_model.pkl
2025-06-17 21:30:56 - INFO - Epoch 7 完成 | 训练损失: 109.7891 | 测试损失: 107.2361 | 单轮耗时: 111.38s
2025-06-17 21:30:57 - INFO - 训练损失更优（109.7891），已保存模型至 model/best_train_model.pkl
2025-06-17 21:33:01 - INFO - Epoch 8 完成 | 训练损失: 108.5262 | 测试损失: 105.5503 | 单轮耗时: 111.19s
2025-06-17 21:33:03 - INFO - 训练损失更优（108.5262），已保存模型至 model/best_train_model.pkl
2025-06-17 21:35:06 - INFO - Epoch 9 完成 | 训练损失: 106.4024 | 测试损失: 101.6887 | 单轮耗时: 111.30s
2025-06-17 21:35:08 - INFO - 训练损失更优（106.4024），已保存模型至 model/best_train_model.pkl
2025-06-17 21:35:10 - INFO - 测试损失更优（101.6887），已保存模型至 model/best_test_model.pkl
2025-06-17 21:35:11 - INFO - 平均损失更优（104.0455），已保存模型至 model/best_avg_model.pkl
2025-06-17 21:37:15 - INFO - Epoch 10 完成 | 训练损失: 104.9150 | 测试损失: 102.4652 | 单轮耗时: 111.64s
2025-06-17 21:37:17 - INFO - 训练损失更优（104.9150），已保存模型至 model/best_train_model.pkl
2025-06-17 21:37:19 - INFO - 平均损失更优（103.6901），已保存模型至 model/best_avg_model.pkl
2025-06-17 21:39:23 - INFO - Epoch 11 完成 | 训练损失: 104.6748 | 测试损失: 99.3591 | 单轮耗时: 111.45s
2025-06-17 21:39:24 - INFO - 训练损失更优（104.6748），已保存模型至 model/best_train_model.pkl
2025-06-17 21:39:26 - INFO - 测试损失更优（99.3591），已保存模型至 model/best_test_model.pkl
2025-06-17 21:39:28 - INFO - 平均损失更优（102.0170），已保存模型至 model/best_avg_model.pkl
2025-06-17 21:41:31 - INFO - Epoch 12 完成 | 训练损失: 104.3752 | 测试损失: 99.3784 | 单轮耗时: 111.05s
2025-06-17 21:41:34 - INFO - 训练损失更优（104.3752），已保存模型至 model/best_train_model.pkl
2025-06-17 21:41:36 - INFO - 平均损失更优（101.8768），已保存模型至 model/best_avg_model.pkl
2025-06-17 21:43:40 - INFO - Epoch 13 完成 | 训练损失: 102.2642 | 测试损失: 101.7640 | 单轮耗时: 111.31s
2025-06-17 21:43:41 - INFO - 训练损失更优（102.2642），已保存模型至 model/best_train_model.pkl
2025-06-17 21:45:45 - INFO - Epoch 14 完成 | 训练损失: 101.8517 | 测试损失: 100.6603 | 单轮耗时: 111.17s
2025-06-17 21:45:46 - INFO - 训练损失更优（101.8517），已保存模型至 model/best_train_model.pkl
2025-06-17 21:45:48 - INFO - 平均损失更优（101.2560），已保存模型至 model/best_avg_model.pkl
2025-06-17 21:47:51 - INFO - Epoch 15 完成 | 训练损失: 103.6150 | 测试损失: 98.9714 | 单轮耗时: 111.46s
2025-06-17 21:47:53 - INFO - 测试损失更优（98.9714），已保存模型至 model/best_test_model.pkl
2025-06-17 21:49:57 - INFO - Epoch 16 完成 | 训练损失: 100.8423 | 测试损失: 101.4242 | 单轮耗时: 111.57s
2025-06-17 21:49:58 - INFO - 训练损失更优（100.8423），已保存模型至 model/best_train_model.pkl
2025-06-17 21:50:00 - INFO - 平均损失更优（101.1333），已保存模型至 model/best_avg_model.pkl
2025-06-17 21:52:03 - INFO - Epoch 17 完成 | 训练损失: 102.0130 | 测试损失: 97.6297 | 单轮耗时: 111.25s
2025-06-17 21:52:05 - INFO - 测试损失更优（97.6297），已保存模型至 model/best_test_model.pkl
2025-06-17 21:52:07 - INFO - 平均损失更优（99.8213），已保存模型至 model/best_avg_model.pkl
2025-06-17 21:54:10 - INFO - Epoch 18 完成 | 训练损失: 101.3998 | 测试损失: 100.7252 | 单轮耗时: 111.46s
2025-06-17 21:56:14 - INFO - Epoch 19 完成 | 训练损失: 99.4458 | 测试损失: 97.8864 | 单轮耗时: 111.52s
2025-06-17 21:56:16 - INFO - 训练损失更优（99.4458），已保存模型至 model/best_train_model.pkl
2025-06-17 21:56:18 - INFO - 平均损失更优（98.6661），已保存模型至 model/best_avg_model.pkl
2025-06-17 21:58:21 - INFO - Epoch 20 完成 | 训练损失: 100.2844 | 测试损失: 95.9458 | 单轮耗时: 111.47s
2025-06-17 21:58:23 - INFO - 测试损失更优（95.9458），已保存模型至 model/best_test_model.pkl
2025-06-17 21:58:24 - INFO - 平均损失更优（98.1151），已保存模型至 model/best_avg_model.pkl
2025-06-17 22:00:28 - INFO - Epoch 21 完成 | 训练损失: 100.1045 | 测试损失: 101.3115 | 单轮耗时: 111.39s
2025-06-17 22:02:31 - INFO - Epoch 22 完成 | 训练损失: 102.1413 | 测试损失: 97.1811 | 单轮耗时: 111.57s
2025-06-17 22:04:35 - INFO - Epoch 23 完成 | 训练损失: 98.0587 | 测试损失: 98.6168 | 单轮耗时: 111.24s
2025-06-17 22:04:37 - INFO - 训练损失更优（98.0587），已保存模型至 model/best_train_model.pkl
2025-06-17 22:06:41 - INFO - Epoch 24 完成 | 训练损失: 99.1165 | 测试损失: 95.1973 | 单轮耗时: 111.79s
2025-06-17 22:06:43 - INFO - 测试损失更优（95.1973），已保存模型至 model/best_test_model.pkl
2025-06-17 22:06:45 - INFO - 平均损失更优（97.1569），已保存模型至 model/best_avg_model.pkl
2025-06-17 22:08:49 - INFO - Epoch 25 完成 | 训练损失: 99.2167 | 测试损失: 96.4938 | 单轮耗时: 111.41s
2025-06-17 22:10:52 - INFO - Epoch 26 完成 | 训练损失: 98.2249 | 测试损失: 95.0788 | 单轮耗时: 111.44s
2025-06-17 22:10:54 - INFO - 测试损失更优（95.0788），已保存模型至 model/best_test_model.pkl
2025-06-17 22:10:56 - INFO - 平均损失更优（96.6519），已保存模型至 model/best_avg_model.pkl
2025-06-17 22:12:59 - INFO - Epoch 27 完成 | 训练损失: 99.1575 | 测试损失: 95.9360 | 单轮耗时: 111.51s
2025-06-17 22:15:03 - INFO - Epoch 28 完成 | 训练损失: 97.5978 | 测试损失: 95.1185 | 单轮耗时: 111.54s
2025-06-17 22:15:05 - INFO - 训练损失更优（97.5978），已保存模型至 model/best_train_model.pkl
2025-06-17 22:15:06 - INFO - 平均损失更优（96.3581），已保存模型至 model/best_avg_model.pkl
2025-06-17 22:17:10 - INFO - Epoch 29 完成 | 训练损失: 99.6538 | 测试损失: 96.7695 | 单轮耗时: 111.54s
2025-06-17 22:19:14 - INFO - Epoch 30 完成 | 训练损失: 96.5953 | 测试损失: 96.2409 | 单轮耗时: 111.27s
2025-06-17 22:19:15 - INFO - 训练损失更优（96.5953），已保存模型至 model/best_train_model.pkl
2025-06-17 22:21:19 - INFO - Epoch 31 完成 | 训练损失: 97.0988 | 测试损失: 97.7420 | 单轮耗时: 111.57s
2025-06-17 22:23:22 - INFO - Epoch 32 完成 | 训练损失: 99.5564 | 测试损失: 94.6070 | 单轮耗时: 111.29s
2025-06-17 22:23:25 - INFO - 测试损失更优（94.6070），已保存模型至 model/best_test_model.pkl
2025-06-17 22:25:28 - INFO - Epoch 33 完成 | 训练损失: 97.6996 | 测试损失: 100.1057 | 单轮耗时: 111.56s
2025-06-17 22:27:32 - INFO - Epoch 34 完成 | 训练损失: 96.9091 | 测试损失: 95.0385 | 单轮耗时: 111.30s
2025-06-17 22:27:34 - INFO - 平均损失更优（95.9738），已保存模型至 model/best_avg_model.pkl
2025-06-17 22:29:38 - INFO - Epoch 35 完成 | 训练损失: 95.9639 | 测试损失: 94.2696 | 单轮耗时: 111.79s
2025-06-17 22:29:40 - INFO - 训练损失更优（95.9639），已保存模型至 model/best_train_model.pkl
2025-06-17 22:29:41 - INFO - 测试损失更优（94.2696），已保存模型至 model/best_test_model.pkl
2025-06-17 22:29:43 - INFO - 平均损失更优（95.1167），已保存模型至 model/best_avg_model.pkl
2025-06-17 22:31:46 - INFO - Epoch 36 完成 | 训练损失: 97.3081 | 测试损失: 94.3567 | 单轮耗时: 111.15s
2025-06-17 22:33:50 - INFO - Epoch 37 完成 | 训练损失: 98.0207 | 测试损失: 91.7860 | 单轮耗时: 111.28s
2025-06-17 22:33:52 - INFO - 测试损失更优（91.7860），已保存模型至 model/best_test_model.pkl
2025-06-17 22:33:54 - INFO - 平均损失更优（94.9034），已保存模型至 model/best_avg_model.pkl
2025-06-17 22:35:57 - INFO - Epoch 38 完成 | 训练损失: 97.5101 | 测试损失: 96.2654 | 单轮耗时: 111.59s
2025-06-17 22:38:01 - INFO - Epoch 39 完成 | 训练损失: 98.0381 | 测试损失: 97.9650 | 单轮耗时: 111.43s
2025-06-17 22:40:04 - INFO - Epoch 40 完成 | 训练损失: 96.8173 | 测试损失: 95.3224 | 单轮耗时: 111.23s
2025-06-17 22:42:08 - INFO - Epoch 41 完成 | 训练损失: 94.4688 | 测试损失: 95.7475 | 单轮耗时: 111.40s
2025-06-17 22:42:09 - INFO - 训练损失更优（94.4688），已保存模型至 model/best_train_model.pkl
2025-06-17 22:44:13 - INFO - Epoch 42 完成 | 训练损失: 96.6504 | 测试损失: 95.8674 | 单轮耗时: 111.49s
2025-06-17 22:46:17 - INFO - Epoch 43 完成 | 训练损失: 97.5602 | 测试损失: 94.6073 | 单轮耗时: 111.47s
2025-06-17 22:48:21 - INFO - Epoch 44 完成 | 训练损失: 96.4922 | 测试损失: 97.1932 | 单轮耗时: 111.53s
2025-06-17 22:50:24 - INFO - Epoch 45 完成 | 训练损失: 96.1718 | 测试损失: 98.1273 | 单轮耗时: 111.22s
2025-06-17 22:52:28 - INFO - Epoch 46 完成 | 训练损失: 96.4264 | 测试损失: 96.6281 | 单轮耗时: 111.53s
2025-06-17 22:54:31 - INFO - Epoch 47 完成 | 训练损失: 96.7424 | 测试损失: 93.9137 | 单轮耗时: 111.53s
2025-06-17 22:56:35 - INFO - Epoch 48 完成 | 训练损失: 94.7244 | 测试损失: 98.8026 | 单轮耗时: 111.67s
2025-06-17 22:58:39 - INFO - Epoch 49 完成 | 训练损失: 95.1023 | 测试损失: 93.8453 | 单轮耗时: 111.45s
2025-06-17 22:58:40 - INFO - 平均损失更优（94.4738），已保存模型至 model/best_avg_model.pkl
2025-06-17 23:00:44 - INFO - Epoch 50 完成 | 训练损失: 94.8964 | 测试损失: 95.8575 | 单轮耗时: 111.33s
2025-06-17 23:02:47 - INFO - Epoch 51 完成 | 训练损失: 96.5576 | 测试损失: 92.5006 | 单轮耗时: 111.37s
2025-06-17 23:04:51 - INFO - Epoch 52 完成 | 训练损失: 95.6010 | 测试损失: 94.3915 | 单轮耗时: 111.53s
2025-06-17 23:06:55 - INFO - Epoch 53 完成 | 训练损失: 92.7703 | 测试损失: 91.1717 | 单轮耗时: 111.56s
2025-06-17 23:06:56 - INFO - 训练损失更优（92.7703），已保存模型至 model/best_train_model.pkl
2025-06-17 23:06:58 - INFO - 测试损失更优（91.1717），已保存模型至 model/best_test_model.pkl
2025-06-17 23:07:00 - INFO - 平均损失更优（91.9710），已保存模型至 model/best_avg_model.pkl
2025-06-17 23:09:04 - INFO - Epoch 54 完成 | 训练损失: 95.4136 | 测试损失: 92.3507 | 单轮耗时: 111.48s
2025-06-17 23:11:07 - INFO - Epoch 55 完成 | 训练损失: 95.0027 | 测试损失: 95.5680 | 单轮耗时: 111.38s
2025-06-17 23:13:11 - INFO - Epoch 56 完成 | 训练损失: 94.6710 | 测试损失: 97.8284 | 单轮耗时: 111.73s
2025-06-17 23:15:14 - INFO - Epoch 57 完成 | 训练损失: 95.9100 | 测试损失: 92.6099 | 单轮耗时: 111.28s
2025-06-17 23:17:18 - INFO - Epoch 58 完成 | 训练损失: 95.8891 | 测试损失: 97.9435 | 单轮耗时: 111.51s
2025-06-17 23:19:21 - INFO - Epoch 59 完成 | 训练损失: 95.0942 | 测试损失: 93.6766 | 单轮耗时: 111.51s
2025-06-17 23:21:25 - INFO - Epoch 60 完成 | 训练损失: 95.9910 | 测试损失: 93.3750 | 单轮耗时: 111.38s
2025-06-17 23:23:28 - INFO - Epoch 61 完成 | 训练损失: 94.5907 | 测试损失: 90.7017 | 单轮耗时: 111.43s
2025-06-17 23:23:30 - INFO - 测试损失更优（90.7017），已保存模型至 model/best_test_model.pkl
2025-06-17 23:25:34 - INFO - Epoch 62 完成 | 训练损失: 95.4106 | 测试损失: 90.7652 | 单轮耗时: 111.72s
2025-06-17 23:27:37 - INFO - Epoch 63 完成 | 训练损失: 94.3894 | 测试损失: 96.9650 | 单轮耗时: 111.21s
2025-06-17 23:29:41 - INFO - Epoch 64 完成 | 训练损失: 95.1350 | 测试损失: 92.4155 | 单轮耗时: 111.70s
2025-06-17 23:31:45 - INFO - Epoch 65 完成 | 训练损失: 94.3840 | 测试损失: 91.9229 | 单轮耗时: 111.26s
2025-06-17 23:33:48 - INFO - Epoch 66 完成 | 训练损失: 93.4755 | 测试损失: 88.8152 | 单轮耗时: 111.27s
2025-06-17 23:33:50 - INFO - 测试损失更优（88.8152），已保存模型至 model/best_test_model.pkl
2025-06-17 23:33:51 - INFO - 平均损失更优（91.1454），已保存模型至 model/best_avg_model.pkl
2025-06-17 23:35:55 - INFO - Epoch 67 完成 | 训练损失: 94.8777 | 测试损失: 95.1443 | 单轮耗时: 111.56s
2025-06-17 23:37:59 - INFO - Epoch 68 完成 | 训练损失: 93.9063 | 测试损失: 94.5897 | 单轮耗时: 111.95s
2025-06-17 23:40:02 - INFO - Epoch 69 完成 | 训练损失: 93.6885 | 测试损失: 93.9222 | 单轮耗时: 111.00s
2025-06-17 23:42:06 - INFO - Epoch 70 完成 | 训练损失: 95.0588 | 测试损失: 91.6219 | 单轮耗时: 111.37s
2025-06-17 23:44:09 - INFO - Epoch 71 完成 | 训练损失: 94.1438 | 测试损失: 91.1465 | 单轮耗时: 111.21s
2025-06-17 23:46:13 - INFO - Epoch 72 完成 | 训练损失: 93.4638 | 测试损失: 91.8307 | 单轮耗时: 111.52s
2025-06-17 23:48:17 - INFO - Epoch 73 完成 | 训练损失: 92.4597 | 测试损失: 94.0624 | 单轮耗时: 111.82s
2025-06-17 23:48:19 - INFO - 训练损失更优（92.4597），已保存模型至 model/best_train_model.pkl
2025-06-17 23:50:22 - INFO - Epoch 74 完成 | 训练损失: 94.0208 | 测试损失: 96.3460 | 单轮耗时: 111.23s
2025-06-17 23:52:26 - INFO - Epoch 75 完成 | 训练损失: 95.1682 | 测试损失: 92.1523 | 单轮耗时: 111.44s
2025-06-17 23:54:30 - INFO - Epoch 76 完成 | 训练损失: 93.2427 | 测试损失: 92.7529 | 单轮耗时: 111.86s
2025-06-17 23:56:34 - INFO - Epoch 77 完成 | 训练损失: 92.5116 | 测试损失: 92.0216 | 单轮耗时: 111.52s
2025-06-17 23:58:38 - INFO - Epoch 78 完成 | 训练损失: 92.4310 | 测试损失: 92.1666 | 单轮耗时: 111.45s
2025-06-17 23:58:39 - INFO - 训练损失更优（92.4310），已保存模型至 model/best_train_model.pkl
2025-06-18 00:00:43 - INFO - Epoch 79 完成 | 训练损失: 93.9890 | 测试损失: 95.4969 | 单轮耗时: 111.49s
2025-06-18 00:02:47 - INFO - Epoch 80 完成 | 训练损失: 93.4563 | 测试损失: 92.4279 | 单轮耗时: 111.76s
2025-06-18 00:04:51 - INFO - Epoch 81 完成 | 训练损失: 95.1695 | 测试损失: 94.9359 | 单轮耗时: 111.65s
2025-06-18 00:06:54 - INFO - Epoch 82 完成 | 训练损失: 94.2122 | 测试损失: 90.8217 | 单轮耗时: 111.23s
2025-06-18 00:08:58 - INFO - Epoch 83 完成 | 训练损失: 92.9649 | 测试损失: 93.8938 | 单轮耗时: 111.17s
2025-06-18 00:11:02 - INFO - Epoch 84 完成 | 训练损失: 93.2678 | 测试损失: 93.0973 | 单轮耗时: 111.47s
2025-06-18 00:13:05 - INFO - Epoch 85 完成 | 训练损失: 94.3113 | 测试损失: 93.6431 | 单轮耗时: 111.28s
2025-06-18 00:15:09 - INFO - Epoch 86 完成 | 训练损失: 94.3253 | 测试损失: 94.1978 | 单轮耗时: 111.48s
2025-06-18 00:17:13 - INFO - Epoch 87 完成 | 训练损失: 93.7181 | 测试损失: 94.6544 | 单轮耗时: 111.26s
2025-06-18 00:19:16 - INFO - Epoch 88 完成 | 训练损失: 93.1475 | 测试损失: 92.4080 | 单轮耗时: 111.25s
2025-06-18 00:21:19 - INFO - Epoch 89 完成 | 训练损失: 92.5154 | 测试损失: 93.5865 | 单轮耗时: 111.13s
2025-06-18 00:23:23 - INFO - Epoch 90 完成 | 训练损失: 95.9828 | 测试损失: 91.7393 | 单轮耗时: 111.34s
2025-06-18 00:25:26 - INFO - Epoch 91 完成 | 训练损失: 93.2505 | 测试损失: 97.4507 | 单轮耗时: 111.22s
2025-06-18 00:27:30 - INFO - Epoch 92 完成 | 训练损失: 92.4096 | 测试损失: 94.3474 | 单轮耗时: 111.17s
2025-06-18 00:27:31 - INFO - 训练损失更优（92.4096），已保存模型至 model/best_train_model.pkl
2025-06-18 00:29:35 - INFO - Epoch 93 完成 | 训练损失: 92.4038 | 测试损失: 92.7971 | 单轮耗时: 111.32s
2025-06-18 00:29:36 - INFO - 训练损失更优（92.4038），已保存模型至 model/best_train_model.pkl
2025-06-18 00:31:39 - INFO - Epoch 94 完成 | 训练损失: 93.5778 | 测试损失: 91.4228 | 单轮耗时: 111.29s
2025-06-18 00:33:43 - INFO - Epoch 95 完成 | 训练损失: 93.7018 | 测试损失: 92.5336 | 单轮耗时: 111.24s
2025-06-18 00:35:46 - INFO - Epoch 96 完成 | 训练损失: 94.3676 | 测试损失: 92.7511 | 单轮耗时: 111.17s
2025-06-18 00:37:50 - INFO - Epoch 97 完成 | 训练损失: 92.3827 | 测试损失: 88.7731 | 单轮耗时: 111.36s
2025-06-18 00:37:52 - INFO - 训练损失更优（92.3827），已保存模型至 model/best_train_model.pkl
2025-06-18 00:37:54 - INFO - 测试损失更优（88.7731），已保存模型至 model/best_test_model.pkl
2025-06-18 00:37:55 - INFO - 平均损失更优（90.5779），已保存模型至 model/best_avg_model.pkl
2025-06-18 00:39:58 - INFO - Epoch 98 完成 | 训练损失: 93.3233 | 测试损失: 89.6372 | 单轮耗时: 111.23s
2025-06-18 00:42:02 - INFO - Epoch 99 完成 | 训练损失: 94.6771 | 测试损失: 95.2347 | 单轮耗时: 111.50s
2025-06-18 00:44:06 - INFO - Epoch 100 完成 | 训练损失: 92.3180 | 测试损失: 90.1449 | 单轮耗时: 111.07s
2025-06-18 00:44:07 - INFO - 训练损失更优（92.3180），已保存模型至 model/best_train_model.pkl
2025-06-18 00:46:11 - INFO - Epoch 101 完成 | 训练损失: 91.1223 | 测试损失: 93.4352 | 单轮耗时: 111.40s
2025-06-18 00:46:13 - INFO - 训练损失更优（91.1223），已保存模型至 model/best_train_model.pkl
2025-06-18 00:48:16 - INFO - Epoch 102 完成 | 训练损失: 94.5992 | 测试损失: 94.3599 | 单轮耗时: 111.13s
2025-06-18 00:50:19 - INFO - Epoch 103 完成 | 训练损失: 94.0210 | 测试损失: 93.0478 | 单轮耗时: 111.38s
2025-06-18 00:52:23 - INFO - Epoch 104 完成 | 训练损失: 92.9541 | 测试损失: 94.9234 | 单轮耗时: 111.56s
2025-06-18 00:54:27 - INFO - Epoch 105 完成 | 训练损失: 93.3577 | 测试损失: 94.2201 | 单轮耗时: 111.34s
2025-06-18 00:56:30 - INFO - Epoch 106 完成 | 训练损失: 93.6611 | 测试损失: 94.1891 | 单轮耗时: 111.29s
2025-06-18 00:58:33 - INFO - Epoch 107 完成 | 训练损失: 93.9485 | 测试损失: 94.0742 | 单轮耗时: 111.35s
2025-06-18 01:00:37 - INFO - Epoch 108 完成 | 训练损失: 93.3240 | 测试损失: 93.8537 | 单轮耗时: 111.36s
2025-06-18 01:02:40 - INFO - Epoch 109 完成 | 训练损失: 93.3834 | 测试损失: 94.8617 | 单轮耗时: 111.23s
2025-06-18 01:04:44 - INFO - Epoch 110 完成 | 训练损失: 92.8583 | 测试损失: 94.4487 | 单轮耗时: 111.71s
2025-06-18 01:06:47 - INFO - Epoch 111 完成 | 训练损失: 92.5825 | 测试损失: 96.0468 | 单轮耗时: 111.32s
2025-06-18 01:08:50 - INFO - Epoch 112 完成 | 训练损失: 92.2967 | 测试损失: 96.2440 | 单轮耗时: 111.35s
2025-06-18 01:10:54 - INFO - Epoch 113 完成 | 训练损失: 91.9896 | 测试损失: 90.4348 | 单轮耗时: 111.19s
2025-06-18 01:12:57 - INFO - Epoch 114 完成 | 训练损失: 93.0827 | 测试损失: 93.9313 | 单轮耗时: 111.47s
2025-06-18 01:15:01 - INFO - Epoch 115 完成 | 训练损失: 91.7701 | 测试损失: 95.7209 | 单轮耗时: 111.35s
2025-06-18 01:17:05 - INFO - Epoch 116 完成 | 训练损失: 92.3151 | 测试损失: 92.5812 | 单轮耗时: 111.54s
2025-06-18 01:19:08 - INFO - Epoch 117 完成 | 训练损失: 93.9318 | 测试损失: 92.1125 | 单轮耗时: 111.31s
2025-06-18 01:21:12 - INFO - Epoch 118 完成 | 训练损失: 92.4415 | 测试损失: 93.4823 | 单轮耗时: 111.51s
2025-06-18 01:23:15 - INFO - Epoch 119 完成 | 训练损失: 92.3529 | 测试损失: 94.4571 | 单轮耗时: 111.26s
2025-06-18 01:25:19 - INFO - Epoch 120 完成 | 训练损失: 93.1168 | 测试损失: 95.6343 | 单轮耗时: 111.27s
2025-06-18 01:27:22 - INFO - Epoch 121 完成 | 训练损失: 94.1614 | 测试损失: 92.2754 | 单轮耗时: 111.04s
2025-06-18 01:29:26 - INFO - Epoch 122 完成 | 训练损失: 90.9636 | 测试损失: 92.7083 | 单轮耗时: 111.62s
2025-06-18 01:29:28 - INFO - 训练损失更优（90.9636），已保存模型至 model/best_train_model.pkl
2025-06-18 01:31:31 - INFO - Epoch 123 完成 | 训练损失: 92.9997 | 测试损失: 89.6454 | 单轮耗时: 111.36s
2025-06-18 01:33:35 - INFO - Epoch 124 完成 | 训练损失: 91.1795 | 测试损失: 92.4389 | 单轮耗时: 111.49s
2025-06-18 01:35:38 - INFO - Epoch 125 完成 | 训练损失: 91.5015 | 测试损失: 92.3283 | 单轮耗时: 111.31s
2025-06-18 01:37:42 - INFO - Epoch 126 完成 | 训练损失: 93.3093 | 测试损失: 91.2074 | 单轮耗时: 111.46s
2025-06-18 01:39:45 - INFO - Epoch 127 完成 | 训练损失: 92.4594 | 测试损失: 91.6631 | 单轮耗时: 111.23s
2025-06-18 01:41:49 - INFO - Epoch 128 完成 | 训练损失: 94.0693 | 测试损失: 91.0986 | 单轮耗时: 111.27s
2025-06-18 01:43:52 - INFO - Epoch 129 完成 | 训练损失: 92.8635 | 测试损失: 91.8209 | 单轮耗时: 111.16s
2025-06-18 01:45:55 - INFO - Epoch 130 完成 | 训练损失: 92.3361 | 测试损失: 94.0178 | 单轮耗时: 111.09s
2025-06-18 01:47:59 - INFO - Epoch 131 完成 | 训练损失: 92.3795 | 测试损失: 90.5747 | 单轮耗时: 111.41s
2025-06-18 01:50:02 - INFO - Epoch 132 完成 | 训练损失: 92.3056 | 测试损失: 94.4982 | 单轮耗时: 111.33s
2025-06-18 01:52:05 - INFO - Epoch 133 完成 | 训练损失: 90.9586 | 测试损失: 92.1044 | 单轮耗时: 111.09s
2025-06-18 01:52:07 - INFO - 训练损失更优（90.9586），已保存模型至 model/best_train_model.pkl
2025-06-18 01:54:10 - INFO - Epoch 134 完成 | 训练损失: 92.0964 | 测试损失: 92.3314 | 单轮耗时: 111.27s
2025-06-18 01:56:14 - INFO - Epoch 135 完成 | 训练损失: 91.1668 | 测试损失: 90.8012 | 单轮耗时: 111.41s
2025-06-18 01:58:18 - INFO - Epoch 136 完成 | 训练损失: 92.8630 | 测试损失: 90.8994 | 单轮耗时: 111.49s
2025-06-18 02:00:21 - INFO - Epoch 137 完成 | 训练损失: 92.1942 | 测试损失: 91.4994 | 单轮耗时: 111.24s
2025-06-18 02:02:25 - INFO - Epoch 138 完成 | 训练损失: 92.1408 | 测试损失: 90.0966 | 单轮耗时: 111.66s
2025-06-18 02:04:28 - INFO - Epoch 139 完成 | 训练损失: 92.6112 | 测试损失: 88.6860 | 单轮耗时: 111.52s
2025-06-18 02:04:30 - INFO - 测试损失更优（88.6860），已保存模型至 model/best_test_model.pkl
2025-06-18 02:06:33 - INFO - Epoch 140 完成 | 训练损失: 92.5743 | 测试损失: 88.3076 | 单轮耗时: 111.45s
2025-06-18 02:06:35 - INFO - 测试损失更优（88.3076），已保存模型至 model/best_test_model.pkl
2025-06-18 02:06:37 - INFO - 平均损失更优（90.4410），已保存模型至 model/best_avg_model.pkl
2025-06-18 02:08:40 - INFO - Epoch 141 完成 | 训练损失: 91.6682 | 测试损失: 91.2189 | 单轮耗时: 111.19s
2025-06-18 02:10:43 - INFO - Epoch 142 完成 | 训练损失: 93.3962 | 测试损失: 91.0595 | 单轮耗时: 111.12s
2025-06-18 02:12:46 - INFO - Epoch 143 完成 | 训练损失: 91.6025 | 测试损失: 92.3060 | 单轮耗时: 111.16s
2025-06-18 02:14:50 - INFO - Epoch 144 完成 | 训练损失: 92.7473 | 测试损失: 96.0613 | 单轮耗时: 111.26s
2025-06-18 02:16:53 - INFO - Epoch 145 完成 | 训练损失: 92.2512 | 测试损失: 92.5967 | 单轮耗时: 111.21s
2025-06-18 02:18:57 - INFO - Epoch 146 完成 | 训练损失: 92.9019 | 测试损失: 93.0528 | 单轮耗时: 111.37s
2025-06-18 02:21:01 - INFO - Epoch 147 完成 | 训练损失: 92.1070 | 测试损失: 90.2602 | 单轮耗时: 111.16s
2025-06-18 02:23:04 - INFO - Epoch 148 完成 | 训练损失: 93.8905 | 测试损失: 93.1652 | 单轮耗时: 111.22s
2025-06-18 02:25:07 - INFO - Epoch 149 完成 | 训练损失: 91.7327 | 测试损失: 92.3707 | 单轮耗时: 111.17s
2025-06-18 02:27:10 - INFO - Epoch 150 完成 | 训练损失: 91.9150 | 测试损失: 92.6592 | 单轮耗时: 111.18s
2025-06-18 02:29:14 - INFO - Epoch 151 完成 | 训练损失: 91.5089 | 测试损失: 93.4647 | 单轮耗时: 111.34s
2025-06-18 02:31:17 - INFO - Epoch 152 完成 | 训练损失: 91.0899 | 测试损失: 88.9338 | 单轮耗时: 111.13s
2025-06-18 02:31:19 - INFO - 平均损失更优（90.0119），已保存模型至 model/best_avg_model.pkl
2025-06-18 02:33:22 - INFO - Epoch 153 完成 | 训练损失: 91.4327 | 测试损失: 91.6547 | 单轮耗时: 111.20s
2025-06-18 02:35:26 - INFO - Epoch 154 完成 | 训练损失: 90.7178 | 测试损失: 88.2208 | 单轮耗时: 111.25s
2025-06-18 02:35:28 - INFO - 训练损失更优（90.7178），已保存模型至 model/best_train_model.pkl
2025-06-18 02:35:29 - INFO - 测试损失更优（88.2208），已保存模型至 model/best_test_model.pkl
2025-06-18 02:35:31 - INFO - 平均损失更优（89.4693），已保存模型至 model/best_avg_model.pkl
2025-06-18 02:37:35 - INFO - Epoch 155 完成 | 训练损失: 91.2213 | 测试损失: 90.6037 | 单轮耗时: 111.65s
2025-06-18 02:39:39 - INFO - Epoch 156 完成 | 训练损失: 92.2094 | 测试损失: 91.2117 | 单轮耗时: 111.21s
2025-06-18 02:41:42 - INFO - Epoch 157 完成 | 训练损失: 91.6350 | 测试损失: 90.2284 | 单轮耗时: 111.51s
2025-06-18 02:43:46 - INFO - Epoch 158 完成 | 训练损失: 91.1929 | 测试损失: 85.8705 | 单轮耗时: 111.45s
2025-06-18 02:43:47 - INFO - 测试损失更优（85.8705），已保存模型至 model/best_test_model.pkl
2025-06-18 02:43:50 - INFO - 平均损失更优（88.5317），已保存模型至 model/best_avg_model.pkl
2025-06-18 02:45:53 - INFO - Epoch 159 完成 | 训练损失: 91.8251 | 测试损失: 91.0628 | 单轮耗时: 111.37s
2025-06-18 02:47:57 - INFO - Epoch 160 完成 | 训练损失: 92.2925 | 测试损失: 94.8573 | 单轮耗时: 111.39s
2025-06-18 02:50:00 - INFO - Epoch 161 完成 | 训练损失: 92.5277 | 测试损失: 91.8218 | 单轮耗时: 111.49s
2025-06-18 02:52:03 - INFO - Epoch 162 完成 | 训练损失: 92.5649 | 测试损失: 90.6751 | 单轮耗时: 111.08s
2025-06-18 02:54:06 - INFO - Epoch 163 完成 | 训练损失: 92.2222 | 测试损失: 91.8971 | 单轮耗时: 111.13s
2025-06-18 02:56:10 - INFO - Epoch 164 完成 | 训练损失: 91.1336 | 测试损失: 95.1894 | 单轮耗时: 111.17s
2025-06-18 02:58:13 - INFO - Epoch 165 完成 | 训练损失: 92.0978 | 测试损失: 88.8976 | 单轮耗时: 111.19s
2025-06-18 03:00:17 - INFO - Epoch 166 完成 | 训练损失: 90.3808 | 测试损失: 88.4554 | 单轮耗时: 111.36s
2025-06-18 03:00:19 - INFO - 训练损失更优（90.3808），已保存模型至 model/best_train_model.pkl
2025-06-18 03:02:22 - INFO - Epoch 167 完成 | 训练损失: 92.1638 | 测试损失: 94.6564 | 单轮耗时: 111.57s
2025-06-18 03:04:26 - INFO - Epoch 168 完成 | 训练损失: 93.2239 | 测试损失: 91.2503 | 单轮耗时: 111.28s
2025-06-18 03:06:29 - INFO - Epoch 169 完成 | 训练损失: 91.6025 | 测试损失: 91.8801 | 单轮耗时: 111.15s
2025-06-18 03:08:33 - INFO - Epoch 170 完成 | 训练损失: 91.7682 | 测试损失: 88.1096 | 单轮耗时: 111.67s
2025-06-18 03:10:36 - INFO - Epoch 171 完成 | 训练损失: 92.3337 | 测试损失: 91.4718 | 单轮耗时: 111.30s
2025-06-18 03:12:41 - INFO - Epoch 172 完成 | 训练损失: 91.0863 | 测试损失: 89.4252 | 单轮耗时: 111.71s
2025-06-18 03:14:44 - INFO - Epoch 173 完成 | 训练损失: 90.8523 | 测试损失: 93.2488 | 单轮耗时: 111.33s
2025-06-18 03:16:48 - INFO - Epoch 174 完成 | 训练损失: 92.4613 | 测试损失: 91.4906 | 单轮耗时: 111.27s
2025-06-18 03:18:51 - INFO - Epoch 175 完成 | 训练损失: 93.0516 | 测试损失: 89.5595 | 单轮耗时: 111.25s
2025-06-18 03:20:54 - INFO - Epoch 176 完成 | 训练损失: 90.8819 | 测试损失: 94.5863 | 单轮耗时: 111.24s
2025-06-18 03:22:58 - INFO - Epoch 177 完成 | 训练损失: 90.9870 | 测试损失: 89.4462 | 单轮耗时: 111.13s
2025-06-18 03:25:01 - INFO - Epoch 178 完成 | 训练损失: 91.7727 | 测试损失: 90.5121 | 单轮耗时: 111.42s
2025-06-18 03:27:05 - INFO - Epoch 179 完成 | 训练损失: 90.2593 | 测试损失: 92.7687 | 单轮耗时: 111.18s
2025-06-18 03:27:06 - INFO - 训练损失更优（90.2593），已保存模型至 model/best_train_model.pkl
2025-06-18 03:29:10 - INFO - Epoch 180 完成 | 训练损失: 90.9236 | 测试损失: 91.2016 | 单轮耗时: 111.16s
2025-06-18 03:31:13 - INFO - Epoch 181 完成 | 训练损失: 91.0001 | 测试损失: 90.6496 | 单轮耗时: 111.15s
2025-06-18 03:33:16 - INFO - Epoch 182 完成 | 训练损失: 90.5216 | 测试损失: 89.7541 | 单轮耗时: 111.36s
2025-06-18 03:35:19 - INFO - Epoch 183 完成 | 训练损失: 93.0321 | 测试损失: 92.8904 | 单轮耗时: 111.16s
2025-06-18 03:37:23 - INFO - Epoch 184 完成 | 训练损失: 89.8088 | 测试损失: 92.1685 | 单轮耗时: 111.41s
2025-06-18 03:37:26 - INFO - 训练损失更优（89.8088），已保存模型至 model/best_train_model.pkl
2025-06-18 03:39:29 - INFO - Epoch 185 完成 | 训练损失: 91.6885 | 测试损失: 89.5324 | 单轮耗时: 111.56s
2025-06-18 03:41:33 - INFO - Epoch 186 完成 | 训练损失: 91.3815 | 测试损失: 85.7697 | 单轮耗时: 111.33s
2025-06-18 03:41:35 - INFO - 测试损失更优（85.7697），已保存模型至 model/best_test_model.pkl
2025-06-18 03:43:38 - INFO - Epoch 187 完成 | 训练损失: 91.6455 | 测试损失: 88.2263 | 单轮耗时: 111.44s
2025-06-18 03:45:42 - INFO - Epoch 188 完成 | 训练损失: 90.7251 | 测试损失: 90.6206 | 单轮耗时: 111.23s
2025-06-18 03:47:45 - INFO - Epoch 189 完成 | 训练损失: 92.9940 | 测试损失: 90.7524 | 单轮耗时: 111.25s
2025-06-18 03:49:48 - INFO - Epoch 190 完成 | 训练损失: 90.3424 | 测试损失: 90.8989 | 单轮耗时: 111.17s
2025-06-18 03:51:52 - INFO - Epoch 191 完成 | 训练损失: 91.8362 | 测试损失: 90.5120 | 单轮耗时: 111.13s
2025-06-18 03:53:55 - INFO - Epoch 192 完成 | 训练损失: 90.9868 | 测试损失: 92.3333 | 单轮耗时: 111.20s
2025-06-18 03:55:59 - INFO - Epoch 193 完成 | 训练损失: 91.6470 | 测试损失: 92.5457 | 单轮耗时: 111.23s
2025-06-18 03:58:02 - INFO - Epoch 194 完成 | 训练损失: 91.6905 | 测试损失: 90.9639 | 单轮耗时: 111.19s
2025-06-18 04:00:06 - INFO - Epoch 195 完成 | 训练损失: 90.9155 | 测试损失: 90.6526 | 单轮耗时: 111.35s
2025-06-18 04:02:09 - INFO - Epoch 196 完成 | 训练损失: 91.0983 | 测试损失: 92.7168 | 单轮耗时: 111.44s
2025-06-18 04:04:12 - INFO - Epoch 197 完成 | 训练损失: 91.1707 | 测试损失: 91.1688 | 单轮耗时: 111.24s
2025-06-18 04:06:15 - INFO - Epoch 198 完成 | 训练损失: 90.7275 | 测试损失: 91.2869 | 单轮耗时: 111.13s
2025-06-18 04:08:19 - INFO - Epoch 199 完成 | 训练损失: 91.6599 | 测试损失: 89.9988 | 单轮耗时: 111.21s
2025-06-18 04:08:19 - INFO - 训练指标已保存至：logger/training_metrics_20250617_211351.csv
2025-06-18 04:08:20 - INFO - 训练曲线已保存至 /root/pythonProject1/picture 文件夹
