2025-06-18 23:37:18 - INFO - Epoch 0 完成 | 训练损失: 0.1438 | 测试损失: 0.0861 | 单轮耗时: 111.11s
2025-06-18 23:37:20 - INFO - 训练损失更优（0.1438），已保存模型至 model/best_train_model.pkl
2025-06-18 23:37:21 - INFO - 测试损失更优（0.0861），已保存模型至 model/best_test_model.pkl
2025-06-18 23:37:23 - INFO - 平均损失更优（0.1342），已保存模型至 model/best_avg_model.pkl
2025-06-18 23:39:26 - INFO - Epoch 1 完成 | 训练损失: 0.0874 | 测试损失: 0.0805 | 单轮耗时: 110.59s
2025-06-18 23:39:27 - INFO - 训练损失更优（0.0874），已保存模型至 model/best_train_model.pkl
2025-06-18 23:39:29 - INFO - 测试损失更优（0.0805），已保存模型至 model/best_test_model.pkl
2025-06-18 23:39:31 - INFO - 平均损失更优（0.0863），已保存模型至 model/best_avg_model.pkl
2025-06-18 23:41:33 - INFO - Epoch 2 完成 | 训练损失: 0.0794 | 测试损失: 0.0714 | 单轮耗时: 110.78s
2025-06-18 23:41:35 - INFO - 训练损失更优（0.0794），已保存模型至 model/best_train_model.pkl
2025-06-18 23:41:37 - INFO - 测试损失更优（0.0714），已保存模型至 model/best_test_model.pkl
2025-06-18 23:41:40 - INFO - 平均损失更优（0.0780），已保存模型至 model/best_avg_model.pkl
2025-06-18 23:43:43 - INFO - Epoch 3 完成 | 训练损失: 0.0745 | 测试损失: 0.0746 | 单轮耗时: 110.78s
2025-06-18 23:43:44 - INFO - 训练损失更优（0.0745），已保存模型至 model/best_train_model.pkl
2025-06-18 23:43:46 - INFO - 平均损失更优（0.0746），已保存模型至 model/best_avg_model.pkl
2025-06-18 23:45:48 - INFO - Epoch 4 完成 | 训练损失: 0.0731 | 测试损失: 0.0711 | 单轮耗时: 110.61s
2025-06-18 23:45:51 - INFO - 训练损失更优（0.0731），已保存模型至 model/best_train_model.pkl
2025-06-18 23:45:52 - INFO - 测试损失更优（0.0711），已保存模型至 model/best_test_model.pkl
2025-06-18 23:45:54 - INFO - 平均损失更优（0.0727），已保存模型至 model/best_avg_model.pkl
2025-06-18 23:47:57 - INFO - Epoch 5 完成 | 训练损失: 0.0697 | 测试损失: 0.0681 | 单轮耗时: 111.05s
2025-06-18 23:47:58 - INFO - 训练损失更优（0.0697），已保存模型至 model/best_train_model.pkl
2025-06-18 23:48:00 - INFO - 测试损失更优（0.0681），已保存模型至 model/best_test_model.pkl
2025-06-18 23:48:02 - INFO - 平均损失更优（0.0694），已保存模型至 model/best_avg_model.pkl
2025-06-18 23:50:04 - INFO - Epoch 6 完成 | 训练损失: 0.0694 | 测试损失: 0.0658 | 单轮耗时: 111.08s
2025-06-18 23:50:06 - INFO - 训练损失更优（0.0694），已保存模型至 model/best_train_model.pkl
2025-06-18 23:50:08 - INFO - 测试损失更优（0.0658），已保存模型至 model/best_test_model.pkl
2025-06-18 23:50:10 - INFO - 平均损失更优（0.0688），已保存模型至 model/best_avg_model.pkl
2025-06-18 23:52:13 - INFO - Epoch 7 完成 | 训练损失: 0.0685 | 测试损失: 0.0666 | 单轮耗时: 110.75s
2025-06-18 23:52:15 - INFO - 训练损失更优（0.0685），已保存模型至 model/best_train_model.pkl
2025-06-18 23:52:16 - INFO - 平均损失更优（0.0682），已保存模型至 model/best_avg_model.pkl
2025-06-18 23:54:20 - INFO - Epoch 8 完成 | 训练损失: 0.0682 | 测试损失: 0.0654 | 单轮耗时: 111.16s
2025-06-18 23:54:21 - INFO - 训练损失更优（0.0682），已保存模型至 model/best_train_model.pkl
2025-06-18 23:54:23 - INFO - 测试损失更优（0.0654），已保存模型至 model/best_test_model.pkl
2025-06-18 23:54:25 - INFO - 平均损失更优（0.0677），已保存模型至 model/best_avg_model.pkl
2025-06-18 23:56:28 - INFO - Epoch 9 完成 | 训练损失: 0.0677 | 测试损失: 0.0671 | 单轮耗时: 111.25s
2025-06-18 23:56:30 - INFO - 训练损失更优（0.0677），已保存模型至 model/best_train_model.pkl
2025-06-18 23:56:31 - INFO - 平均损失更优（0.0676），已保存模型至 model/best_avg_model.pkl
2025-06-18 23:58:35 - INFO - Epoch 10 完成 | 训练损失: 0.0667 | 测试损失: 0.0655 | 单轮耗时: 111.43s
2025-06-18 23:58:36 - INFO - 训练损失更优（0.0667），已保存模型至 model/best_train_model.pkl
2025-06-18 23:58:38 - INFO - 平均损失更优（0.0665），已保存模型至 model/best_avg_model.pkl
2025-06-19 00:00:42 - INFO - Epoch 11 完成 | 训练损失: 0.0680 | 测试损失: 0.0649 | 单轮耗时: 111.12s
2025-06-19 00:00:43 - INFO - 测试损失更优（0.0649），已保存模型至 model/best_test_model.pkl
2025-06-19 00:02:47 - INFO - Epoch 12 完成 | 训练损失: 0.0660 | 测试损失: 0.0654 | 单轮耗时: 111.39s
2025-06-19 00:02:48 - INFO - 训练损失更优（0.0660），已保存模型至 model/best_train_model.pkl
2025-06-19 00:02:50 - INFO - 平均损失更优（0.0659），已保存模型至 model/best_avg_model.pkl
2025-06-19 00:04:54 - INFO - Epoch 13 完成 | 训练损失: 0.0660 | 测试损失: 0.0633 | 单轮耗时: 111.49s
2025-06-19 00:04:56 - INFO - 测试损失更优（0.0633），已保存模型至 model/best_test_model.pkl
2025-06-19 00:04:57 - INFO - 平均损失更优（0.0656），已保存模型至 model/best_avg_model.pkl
2025-06-19 00:07:01 - INFO - Epoch 14 完成 | 训练损失: 0.0652 | 测试损失: 0.0629 | 单轮耗时: 111.80s
2025-06-19 00:07:03 - INFO - 训练损失更优（0.0652），已保存模型至 model/best_train_model.pkl
2025-06-19 00:07:05 - INFO - 测试损失更优（0.0629），已保存模型至 model/best_test_model.pkl
2025-06-19 00:07:06 - INFO - 平均损失更优（0.0648），已保存模型至 model/best_avg_model.pkl
2025-06-19 00:09:10 - INFO - Epoch 15 完成 | 训练损失: 0.0654 | 测试损失: 0.0597 | 单轮耗时: 111.32s
2025-06-19 00:09:11 - INFO - 测试损失更优（0.0597），已保存模型至 model/best_test_model.pkl
2025-06-19 00:09:13 - INFO - 平均损失更优（0.0645），已保存模型至 model/best_avg_model.pkl
2025-06-19 00:11:17 - INFO - Epoch 16 完成 | 训练损失: 0.0646 | 测试损失: 0.0640 | 单轮耗时: 111.43s
2025-06-19 00:11:18 - INFO - 训练损失更优（0.0646），已保存模型至 model/best_train_model.pkl
2025-06-19 00:11:20 - INFO - 平均损失更优（0.0645），已保存模型至 model/best_avg_model.pkl
2025-06-19 00:13:23 - INFO - Epoch 17 完成 | 训练损失: 0.0637 | 测试损失: 0.0621 | 单轮耗时: 111.46s
2025-06-19 00:13:25 - INFO - 训练损失更优（0.0637），已保存模型至 model/best_train_model.pkl
2025-06-19 00:13:26 - INFO - 平均损失更优（0.0634），已保存模型至 model/best_avg_model.pkl
2025-06-19 00:15:30 - INFO - Epoch 18 完成 | 训练损失: 0.0646 | 测试损失: 0.0628 | 单轮耗时: 110.98s
2025-06-19 00:17:33 - INFO - Epoch 19 完成 | 训练损失: 0.0629 | 测试损失: 0.0649 | 单轮耗时: 111.29s
2025-06-19 00:17:36 - INFO - 训练损失更优（0.0629），已保存模型至 model/best_train_model.pkl
2025-06-19 00:17:37 - INFO - 平均损失更优（0.0632），已保存模型至 model/best_avg_model.pkl
2025-06-19 00:19:41 - INFO - Epoch 20 完成 | 训练损失: 0.0639 | 测试损失: 0.0655 | 单轮耗时: 111.35s
2025-06-19 00:21:44 - INFO - Epoch 21 完成 | 训练损失: 0.0637 | 测试损失: 0.0616 | 单轮耗时: 111.43s
2025-06-19 00:23:48 - INFO - Epoch 22 完成 | 训练损失: 0.0635 | 测试损失: 0.0646 | 单轮耗时: 111.21s
2025-06-19 00:25:51 - INFO - Epoch 23 完成 | 训练损失: 0.0632 | 测试损失: 0.0636 | 单轮耗时: 111.33s
2025-06-19 00:25:52 - INFO - 平均损失更优（0.0632），已保存模型至 model/best_avg_model.pkl
2025-06-19 00:27:56 - INFO - Epoch 24 完成 | 训练损失: 0.0639 | 测试损失: 0.0596 | 单轮耗时: 111.47s
2025-06-19 00:27:58 - INFO - 测试损失更优（0.0596），已保存模型至 model/best_test_model.pkl
2025-06-19 00:27:59 - INFO - 平均损失更优（0.0632），已保存模型至 model/best_avg_model.pkl
2025-06-19 00:30:03 - INFO - Epoch 25 完成 | 训练损失: 0.0644 | 测试损失: 0.0629 | 单轮耗时: 111.20s
2025-06-19 00:32:06 - INFO - Epoch 26 完成 | 训练损失: 0.0641 | 测试损失: 0.0624 | 单轮耗时: 111.36s
2025-06-19 00:34:10 - INFO - Epoch 27 完成 | 训练损失: 0.0628 | 测试损失: 0.0623 | 单轮耗时: 111.29s
2025-06-19 00:34:11 - INFO - 训练损失更优（0.0628），已保存模型至 model/best_train_model.pkl
2025-06-19 00:34:13 - INFO - 平均损失更优（0.0627），已保存模型至 model/best_avg_model.pkl
2025-06-19 00:36:16 - INFO - Epoch 28 完成 | 训练损失: 0.0628 | 测试损失: 0.0613 | 单轮耗时: 111.15s
2025-06-19 00:36:18 - INFO - 平均损失更优（0.0625），已保存模型至 model/best_avg_model.pkl
2025-06-19 00:38:22 - INFO - Epoch 29 完成 | 训练损失: 0.0622 | 测试损失: 0.0623 | 单轮耗时: 111.25s
2025-06-19 00:38:24 - INFO - 训练损失更优（0.0622），已保存模型至 model/best_train_model.pkl
2025-06-19 00:38:25 - INFO - 平均损失更优（0.0622），已保存模型至 model/best_avg_model.pkl
2025-06-19 00:40:29 - INFO - Epoch 30 完成 | 训练损失: 0.0627 | 测试损失: 0.0607 | 单轮耗时: 111.43s
2025-06-19 00:42:32 - INFO - Epoch 31 完成 | 训练损失: 0.0627 | 测试损失: 0.0599 | 单轮耗时: 111.45s
2025-06-19 00:42:34 - INFO - 平均损失更优（0.0622），已保存模型至 model/best_avg_model.pkl
2025-06-19 00:44:37 - INFO - Epoch 32 完成 | 训练损失: 0.0616 | 测试损失: 0.0628 | 单轮耗时: 111.21s
2025-06-19 00:44:39 - INFO - 训练损失更优（0.0616），已保存模型至 model/best_train_model.pkl
2025-06-19 00:44:40 - INFO - 平均损失更优（0.0618），已保存模型至 model/best_avg_model.pkl
2025-06-19 00:46:44 - INFO - Epoch 33 完成 | 训练损失: 0.0627 | 测试损失: 0.0612 | 单轮耗时: 111.60s
2025-06-19 00:48:48 - INFO - Epoch 34 完成 | 训练损失: 0.0618 | 测试损失: 0.0616 | 单轮耗时: 111.36s
2025-06-19 00:48:50 - INFO - 平均损失更优（0.0618），已保存模型至 model/best_avg_model.pkl
2025-06-19 00:50:53 - INFO - Epoch 35 完成 | 训练损失: 0.0628 | 测试损失: 0.0607 | 单轮耗时: 111.33s
2025-06-19 00:52:57 - INFO - Epoch 36 完成 | 训练损失: 0.0633 | 测试损失: 0.0574 | 单轮耗时: 111.04s
2025-06-19 00:52:58 - INFO - 测试损失更优（0.0574），已保存模型至 model/best_test_model.pkl
2025-06-19 00:55:02 - INFO - Epoch 37 完成 | 训练损失: 0.0623 | 测试损失: 0.0588 | 单轮耗时: 111.35s
2025-06-19 00:55:03 - INFO - 平均损失更优（0.0617），已保存模型至 model/best_avg_model.pkl
2025-06-19 00:57:07 - INFO - Epoch 38 完成 | 训练损失: 0.0623 | 测试损失: 0.0620 | 单轮耗时: 110.97s
2025-06-19 00:59:10 - INFO - Epoch 39 完成 | 训练损失: 0.0621 | 测试损失: 0.0614 | 单轮耗时: 111.36s
2025-06-19 01:01:14 - INFO - Epoch 40 完成 | 训练损失: 0.0617 | 测试损失: 0.0581 | 单轮耗时: 111.11s
2025-06-19 01:01:15 - INFO - 平均损失更优（0.0611），已保存模型至 model/best_avg_model.pkl
2025-06-19 01:03:18 - INFO - Epoch 41 完成 | 训练损失: 0.0623 | 测试损失: 0.0602 | 单轮耗时: 111.37s
2025-06-19 01:05:22 - INFO - Epoch 42 完成 | 训练损失: 0.0613 | 测试损失: 0.0652 | 单轮耗时: 111.34s
2025-06-19 01:05:23 - INFO - 训练损失更优（0.0613），已保存模型至 model/best_train_model.pkl
2025-06-19 01:07:26 - INFO - Epoch 43 完成 | 训练损失: 0.0616 | 测试损失: 0.0598 | 单轮耗时: 110.86s
2025-06-19 01:09:30 - INFO - Epoch 44 完成 | 训练损失: 0.0616 | 测试损失: 0.0640 | 单轮耗时: 111.47s
2025-06-19 01:11:33 - INFO - Epoch 45 完成 | 训练损失: 0.0622 | 测试损失: 0.0622 | 单轮耗时: 111.33s
2025-06-19 01:13:37 - INFO - Epoch 46 完成 | 训练损失: 0.0611 | 测试损失: 0.0614 | 单轮耗时: 111.63s
2025-06-19 01:13:39 - INFO - 训练损失更优（0.0611），已保存模型至 model/best_train_model.pkl
2025-06-19 01:13:40 - INFO - 平均损失更优（0.0611），已保存模型至 model/best_avg_model.pkl
2025-06-19 01:15:44 - INFO - Epoch 47 完成 | 训练损失: 0.0615 | 测试损失: 0.0643 | 单轮耗时: 111.39s
2025-06-19 01:17:47 - INFO - Epoch 48 完成 | 训练损失: 0.0627 | 测试损失: 0.0610 | 单轮耗时: 111.34s
2025-06-19 01:19:51 - INFO - Epoch 49 完成 | 训练损失: 0.0621 | 测试损失: 0.0597 | 单轮耗时: 111.29s
2025-06-19 01:21:54 - INFO - Epoch 50 完成 | 训练损失: 0.0611 | 测试损失: 0.0580 | 单轮耗时: 111.50s
2025-06-19 01:21:56 - INFO - 平均损失更优（0.0606），已保存模型至 model/best_avg_model.pkl
2025-06-19 01:23:59 - INFO - Epoch 51 完成 | 训练损失: 0.0612 | 测试损失: 0.0604 | 单轮耗时: 111.10s
2025-06-19 01:26:03 - INFO - Epoch 52 完成 | 训练损失: 0.0610 | 测试损失: 0.0610 | 单轮耗时: 111.68s
2025-06-19 01:26:04 - INFO - 训练损失更优（0.0610），已保存模型至 model/best_train_model.pkl
2025-06-19 01:28:08 - INFO - Epoch 53 完成 | 训练损失: 0.0613 | 测试损失: 0.0603 | 单轮耗时: 111.11s
2025-06-19 01:30:12 - INFO - Epoch 54 完成 | 训练损失: 0.0618 | 测试损失: 0.0596 | 单轮耗时: 111.37s
2025-06-19 01:32:15 - INFO - Epoch 55 完成 | 训练损失: 0.0610 | 测试损失: 0.0595 | 单轮耗时: 111.27s
2025-06-19 01:32:17 - INFO - 训练损失更优（0.0610），已保存模型至 model/best_train_model.pkl
2025-06-19 01:34:20 - INFO - Epoch 56 完成 | 训练损失: 0.0615 | 测试损失: 0.0604 | 单轮耗时: 111.09s
2025-06-19 01:36:23 - INFO - Epoch 57 完成 | 训练损失: 0.0609 | 测试损失: 0.0607 | 单轮耗时: 111.23s
2025-06-19 01:36:25 - INFO - 训练损失更优（0.0609），已保存模型至 model/best_train_model.pkl
2025-06-19 01:38:28 - INFO - Epoch 58 完成 | 训练损失: 0.0617 | 测试损失: 0.0613 | 单轮耗时: 111.25s
2025-06-19 01:40:32 - INFO - Epoch 59 完成 | 训练损失: 0.0607 | 测试损失: 0.0592 | 单轮耗时: 111.15s
2025-06-19 01:40:33 - INFO - 训练损失更优（0.0607），已保存模型至 model/best_train_model.pkl
2025-06-19 01:40:35 - INFO - 平均损失更优（0.0604），已保存模型至 model/best_avg_model.pkl
2025-06-19 01:42:38 - INFO - Epoch 60 完成 | 训练损失: 0.0611 | 测试损失: 0.0622 | 单轮耗时: 111.25s
2025-06-19 01:44:41 - INFO - Epoch 61 完成 | 训练损失: 0.0608 | 测试损失: 0.0597 | 单轮耗时: 111.39s
2025-06-19 01:46:45 - INFO - Epoch 62 完成 | 训练损失: 0.0607 | 测试损失: 0.0595 | 单轮耗时: 111.21s
2025-06-19 01:48:48 - INFO - Epoch 63 完成 | 训练损失: 0.0604 | 测试损失: 0.0598 | 单轮耗时: 111.08s
2025-06-19 01:48:49 - INFO - 训练损失更优（0.0604），已保存模型至 model/best_train_model.pkl
2025-06-19 01:48:51 - INFO - 平均损失更优（0.0603），已保存模型至 model/best_avg_model.pkl
2025-06-19 01:50:54 - INFO - Epoch 64 完成 | 训练损失: 0.0611 | 测试损失: 0.0585 | 单轮耗时: 111.14s
2025-06-19 01:52:58 - INFO - Epoch 65 完成 | 训练损失: 0.0608 | 测试损失: 0.0576 | 单轮耗时: 111.20s
2025-06-19 01:55:01 - INFO - Epoch 66 完成 | 训练损失: 0.0610 | 测试损失: 0.0586 | 单轮耗时: 111.28s
2025-06-19 01:57:04 - INFO - Epoch 67 完成 | 训练损失: 0.0610 | 测试损失: 0.0596 | 单轮耗时: 111.28s
2025-06-19 01:59:08 - INFO - Epoch 68 完成 | 训练损失: 0.0608 | 测试损失: 0.0624 | 单轮耗时: 111.29s
2025-06-19 02:01:12 - INFO - Epoch 69 完成 | 训练损失: 0.0611 | 测试损失: 0.0621 | 单轮耗时: 111.53s
2025-06-19 02:03:16 - INFO - Epoch 70 完成 | 训练损失: 0.0616 | 测试损失: 0.0588 | 单轮耗时: 111.47s
2025-06-19 02:05:19 - INFO - Epoch 71 完成 | 训练损失: 0.0610 | 测试损失: 0.0597 | 单轮耗时: 111.27s
2025-06-19 02:07:22 - INFO - Epoch 72 完成 | 训练损失: 0.0609 | 测试损失: 0.0612 | 单轮耗时: 111.51s
2025-06-19 02:09:26 - INFO - Epoch 73 完成 | 训练损失: 0.0615 | 测试损失: 0.0608 | 单轮耗时: 111.31s
2025-06-19 02:11:29 - INFO - Epoch 74 完成 | 训练损失: 0.0605 | 测试损失: 0.0597 | 单轮耗时: 111.09s
2025-06-19 02:13:33 - INFO - Epoch 75 完成 | 训练损失: 0.0602 | 测试损失: 0.0584 | 单轮耗时: 111.09s
2025-06-19 02:13:34 - INFO - 训练损失更优（0.0602），已保存模型至 model/best_train_model.pkl
2025-06-19 02:13:36 - INFO - 平均损失更优（0.0599），已保存模型至 model/best_avg_model.pkl
2025-06-19 02:15:39 - INFO - Epoch 76 完成 | 训练损失: 0.0614 | 测试损失: 0.0601 | 单轮耗时: 111.17s
2025-06-19 02:17:43 - INFO - Epoch 77 完成 | 训练损失: 0.0615 | 测试损失: 0.0588 | 单轮耗时: 111.21s
2025-06-19 02:19:46 - INFO - Epoch 78 完成 | 训练损失: 0.0606 | 测试损失: 0.0596 | 单轮耗时: 111.54s
2025-06-19 02:21:49 - INFO - Epoch 79 完成 | 训练损失: 0.0608 | 测试损失: 0.0598 | 单轮耗时: 111.32s
2025-06-19 02:23:53 - INFO - Epoch 80 完成 | 训练损失: 0.0593 | 测试损失: 0.0595 | 单轮耗时: 111.33s
2025-06-19 02:23:55 - INFO - 训练损失更优（0.0593），已保存模型至 model/best_train_model.pkl
2025-06-19 02:23:57 - INFO - 平均损失更优（0.0593），已保存模型至 model/best_avg_model.pkl
2025-06-19 02:26:00 - INFO - Epoch 81 完成 | 训练损失: 0.0598 | 测试损失: 0.0602 | 单轮耗时: 111.15s
2025-06-19 02:28:04 - INFO - Epoch 82 完成 | 训练损失: 0.0594 | 测试损失: 0.0601 | 单轮耗时: 111.57s
2025-06-19 02:30:08 - INFO - Epoch 83 完成 | 训练损失: 0.0605 | 测试损失: 0.0616 | 单轮耗时: 111.45s
2025-06-19 02:32:11 - INFO - Epoch 84 完成 | 训练损失: 0.0608 | 测试损失: 0.0581 | 单轮耗时: 111.36s
2025-06-19 02:34:15 - INFO - Epoch 85 完成 | 训练损失: 0.0612 | 测试损失: 0.0575 | 单轮耗时: 111.25s
2025-06-19 02:36:18 - INFO - Epoch 86 完成 | 训练损失: 0.0609 | 测试损失: 0.0579 | 单轮耗时: 111.16s
2025-06-19 02:38:21 - INFO - Epoch 87 完成 | 训练损失: 0.0598 | 测试损失: 0.0600 | 单轮耗时: 111.15s
2025-06-19 02:40:24 - INFO - Epoch 88 完成 | 训练损失: 0.0602 | 测试损失: 0.0587 | 单轮耗时: 111.34s
2025-06-19 02:42:28 - INFO - Epoch 89 完成 | 训练损失: 0.0604 | 测试损失: 0.0608 | 单轮耗时: 111.41s
2025-06-19 02:44:32 - INFO - Epoch 90 完成 | 训练损失: 0.0602 | 测试损失: 0.0608 | 单轮耗时: 111.97s
2025-06-19 02:46:35 - INFO - Epoch 91 完成 | 训练损失: 0.0605 | 测试损失: 0.0611 | 单轮耗时: 111.30s
2025-06-19 02:48:39 - INFO - Epoch 92 完成 | 训练损失: 0.0600 | 测试损失: 0.0599 | 单轮耗时: 111.25s
2025-06-19 02:50:42 - INFO - Epoch 93 完成 | 训练损失: 0.0610 | 测试损失: 0.0586 | 单轮耗时: 111.33s
2025-06-19 02:52:45 - INFO - Epoch 94 完成 | 训练损失: 0.0595 | 测试损失: 0.0603 | 单轮耗时: 111.19s
2025-06-19 02:54:49 - INFO - Epoch 95 完成 | 训练损失: 0.0611 | 测试损失: 0.0574 | 单轮耗时: 111.15s
2025-06-19 02:54:51 - INFO - 测试损失更优（0.0574），已保存模型至 model/best_test_model.pkl
2025-06-19 02:56:54 - INFO - Epoch 96 完成 | 训练损失: 0.0596 | 测试损失: 0.0569 | 单轮耗时: 111.16s
2025-06-19 02:56:56 - INFO - 测试损失更优（0.0569），已保存模型至 model/best_test_model.pkl
2025-06-19 02:56:57 - INFO - 平均损失更优（0.0592），已保存模型至 model/best_avg_model.pkl
2025-06-19 02:59:00 - INFO - Epoch 97 完成 | 训练损失: 0.0594 | 测试损失: 0.0601 | 单轮耗时: 111.12s
2025-06-19 03:01:04 - INFO - Epoch 98 完成 | 训练损失: 0.0593 | 测试损失: 0.0603 | 单轮耗时: 111.13s
2025-06-19 03:03:08 - INFO - Epoch 99 完成 | 训练损失: 0.0605 | 测试损失: 0.0590 | 单轮耗时: 111.32s
2025-06-19 03:05:11 - INFO - Epoch 100 完成 | 训练损失: 0.0601 | 测试损失: 0.0610 | 单轮耗时: 111.59s
2025-06-19 03:07:14 - INFO - Epoch 101 完成 | 训练损失: 0.0591 | 测试损失: 0.0575 | 单轮耗时: 111.18s
2025-06-19 03:07:16 - INFO - 训练损失更优（0.0591），已保存模型至 model/best_train_model.pkl
2025-06-19 03:07:18 - INFO - 平均损失更优（0.0589），已保存模型至 model/best_avg_model.pkl
2025-06-19 03:09:21 - INFO - Epoch 102 完成 | 训练损失: 0.0608 | 测试损失: 0.0605 | 单轮耗时: 111.31s
2025-06-19 03:11:24 - INFO - Epoch 103 完成 | 训练损失: 0.0596 | 测试损失: 0.0571 | 单轮耗时: 111.15s
2025-06-19 03:13:28 - INFO - Epoch 104 完成 | 训练损失: 0.0602 | 测试损失: 0.0598 | 单轮耗时: 111.22s
2025-06-19 03:15:31 - INFO - Epoch 105 完成 | 训练损失: 0.0606 | 测试损失: 0.0593 | 单轮耗时: 111.38s
2025-06-19 03:17:35 - INFO - Epoch 106 完成 | 训练损失: 0.0599 | 测试损失: 0.0578 | 单轮耗时: 111.59s
2025-06-19 03:19:38 - INFO - Epoch 107 完成 | 训练损失: 0.0600 | 测试损失: 0.0598 | 单轮耗时: 111.46s
2025-06-19 03:21:42 - INFO - Epoch 108 完成 | 训练损失: 0.0602 | 测试损失: 0.0585 | 单轮耗时: 111.26s
2025-06-19 03:23:45 - INFO - Epoch 109 完成 | 训练损失: 0.0603 | 测试损失: 0.0573 | 单轮耗时: 111.24s
2025-06-19 03:25:48 - INFO - Epoch 110 完成 | 训练损失: 0.0606 | 测试损失: 0.0579 | 单轮耗时: 111.16s
2025-06-19 03:27:52 - INFO - Epoch 111 完成 | 训练损失: 0.0600 | 测试损失: 0.0616 | 单轮耗时: 111.57s
2025-06-19 03:29:56 - INFO - Epoch 112 完成 | 训练损失: 0.0605 | 测试损失: 0.0594 | 单轮耗时: 111.37s
2025-06-19 03:31:59 - INFO - Epoch 113 完成 | 训练损失: 0.0594 | 测试损失: 0.0572 | 单轮耗时: 111.42s
2025-06-19 03:34:03 - INFO - Epoch 114 完成 | 训练损失: 0.0606 | 测试损失: 0.0583 | 单轮耗时: 111.23s
2025-06-19 03:36:06 - INFO - Epoch 115 完成 | 训练损失: 0.0602 | 测试损失: 0.0590 | 单轮耗时: 111.13s
2025-06-19 03:38:09 - INFO - Epoch 116 完成 | 训练损失: 0.0600 | 测试损失: 0.0614 | 单轮耗时: 111.28s
2025-06-19 03:40:12 - INFO - Epoch 117 完成 | 训练损失: 0.0605 | 测试损失: 0.0591 | 单轮耗时: 111.34s
2025-06-19 03:42:16 - INFO - Epoch 118 完成 | 训练损失: 0.0598 | 测试损失: 0.0592 | 单轮耗时: 111.56s
2025-06-19 03:44:20 - INFO - Epoch 119 完成 | 训练损失: 0.0600 | 测试损失: 0.0591 | 单轮耗时: 111.42s
2025-06-19 03:46:23 - INFO - Epoch 120 完成 | 训练损失: 0.0593 | 测试损失: 0.0582 | 单轮耗时: 111.36s
2025-06-19 03:48:27 - INFO - Epoch 121 完成 | 训练损失: 0.0605 | 测试损失: 0.0580 | 单轮耗时: 111.29s
2025-06-19 03:50:30 - INFO - Epoch 122 完成 | 训练损失: 0.0611 | 测试损失: 0.0585 | 单轮耗时: 111.24s
2025-06-19 03:52:33 - INFO - Epoch 123 完成 | 训练损失: 0.0599 | 测试损失: 0.0602 | 单轮耗时: 111.27s
2025-06-19 03:54:36 - INFO - Epoch 124 完成 | 训练损失: 0.0602 | 测试损失: 0.0604 | 单轮耗时: 111.11s
2025-06-19 03:56:40 - INFO - Epoch 125 完成 | 训练损失: 0.0594 | 测试损失: 0.0596 | 单轮耗时: 111.31s
2025-06-19 03:58:43 - INFO - Epoch 126 完成 | 训练损失: 0.0591 | 测试损失: 0.0593 | 单轮耗时: 111.23s
2025-06-19 04:00:47 - INFO - Epoch 127 完成 | 训练损失: 0.0602 | 测试损失: 0.0626 | 单轮耗时: 111.23s
2025-06-19 04:02:50 - INFO - Epoch 128 完成 | 训练损失: 0.0595 | 测试损失: 0.0583 | 单轮耗时: 111.24s
2025-06-19 04:04:54 - INFO - Epoch 129 完成 | 训练损失: 0.0598 | 测试损失: 0.0578 | 单轮耗时: 111.40s
2025-06-19 04:06:57 - INFO - Epoch 130 完成 | 训练损失: 0.0604 | 测试损失: 0.0595 | 单轮耗时: 111.26s
2025-06-19 04:09:00 - INFO - Epoch 131 完成 | 训练损失: 0.0591 | 测试损失: 0.0588 | 单轮耗时: 111.23s
2025-06-19 04:09:02 - INFO - 训练损失更优（0.0591），已保存模型至 model/best_train_model.pkl
2025-06-19 04:11:06 - INFO - Epoch 132 完成 | 训练损失: 0.0598 | 测试损失: 0.0611 | 单轮耗时: 111.42s
2025-06-19 04:13:09 - INFO - Epoch 133 完成 | 训练损失: 0.0592 | 测试损失: 0.0578 | 单轮耗时: 111.17s
2025-06-19 04:15:12 - INFO - Epoch 134 完成 | 训练损失: 0.0591 | 测试损失: 0.0587 | 单轮耗时: 111.22s
2025-06-19 04:17:16 - INFO - Epoch 135 完成 | 训练损失: 0.0601 | 测试损失: 0.0632 | 单轮耗时: 111.63s
2025-06-19 04:19:20 - INFO - Epoch 136 完成 | 训练损失: 0.0592 | 测试损失: 0.0563 | 单轮耗时: 111.27s
2025-06-19 04:19:21 - INFO - 测试损失更优（0.0563），已保存模型至 model/best_test_model.pkl
2025-06-19 04:19:23 - INFO - 平均损失更优（0.0587），已保存模型至 model/best_avg_model.pkl
2025-06-19 04:21:27 - INFO - Epoch 137 完成 | 训练损失: 0.0598 | 测试损失: 0.0604 | 单轮耗时: 111.55s
2025-06-19 04:23:31 - INFO - Epoch 138 完成 | 训练损失: 0.0606 | 测试损失: 0.0590 | 单轮耗时: 111.78s
2025-06-19 04:25:34 - INFO - Epoch 139 完成 | 训练损失: 0.0588 | 测试损失: 0.0602 | 单轮耗时: 111.35s
2025-06-19 04:25:36 - INFO - 训练损失更优（0.0588），已保存模型至 model/best_train_model.pkl
2025-06-19 04:27:39 - INFO - Epoch 140 完成 | 训练损失: 0.0592 | 测试损失: 0.0578 | 单轮耗时: 111.15s
2025-06-19 04:29:43 - INFO - Epoch 141 完成 | 训练损失: 0.0594 | 测试损失: 0.0587 | 单轮耗时: 111.25s
2025-06-19 04:31:46 - INFO - Epoch 142 完成 | 训练损失: 0.0596 | 测试损失: 0.0581 | 单轮耗时: 111.24s
2025-06-19 04:33:49 - INFO - Epoch 143 完成 | 训练损失: 0.0598 | 测试损失: 0.0575 | 单轮耗时: 110.94s
2025-06-19 04:35:53 - INFO - Epoch 144 完成 | 训练损失: 0.0594 | 测试损失: 0.0591 | 单轮耗时: 111.48s
2025-06-19 04:37:56 - INFO - Epoch 145 完成 | 训练损失: 0.0588 | 测试损失: 0.0590 | 单轮耗时: 111.07s
2025-06-19 04:37:58 - INFO - 训练损失更优（0.0588），已保存模型至 model/best_train_model.pkl
2025-06-19 04:40:02 - INFO - Epoch 146 完成 | 训练损失: 0.0590 | 测试损失: 0.0603 | 单轮耗时: 111.49s
2025-06-19 04:42:05 - INFO - Epoch 147 完成 | 训练损失: 0.0598 | 测试损失: 0.0589 | 单轮耗时: 111.19s
2025-06-19 04:44:08 - INFO - Epoch 148 完成 | 训练损失: 0.0604 | 测试损失: 0.0595 | 单轮耗时: 111.64s
2025-06-19 04:46:12 - INFO - Epoch 149 完成 | 训练损失: 0.0598 | 测试损失: 0.0598 | 单轮耗时: 111.49s
2025-06-19 04:48:15 - INFO - Epoch 150 完成 | 训练损失: 0.0589 | 测试损失: 0.0600 | 单轮耗时: 111.43s
2025-06-19 04:50:19 - INFO - Epoch 151 完成 | 训练损失: 0.0594 | 测试损失: 0.0594 | 单轮耗时: 111.20s
2025-06-19 04:52:22 - INFO - Epoch 152 完成 | 训练损失: 0.0594 | 测试损失: 0.0585 | 单轮耗时: 111.11s
2025-06-19 04:54:26 - INFO - Epoch 153 完成 | 训练损失: 0.0595 | 测试损失: 0.0582 | 单轮耗时: 111.54s
2025-06-19 04:56:29 - INFO - Epoch 154 完成 | 训练损失: 0.0603 | 测试损失: 0.0588 | 单轮耗时: 111.22s
2025-06-19 04:58:32 - INFO - Epoch 155 完成 | 训练损失: 0.0600 | 测试损失: 0.0601 | 单轮耗时: 111.22s
2025-06-19 05:00:36 - INFO - Epoch 156 完成 | 训练损失: 0.0595 | 测试损失: 0.0609 | 单轮耗时: 111.58s
2025-06-19 05:02:39 - INFO - Epoch 157 完成 | 训练损失: 0.0593 | 测试损失: 0.0602 | 单轮耗时: 111.18s
2025-06-19 05:04:43 - INFO - Epoch 158 完成 | 训练损失: 0.0595 | 测试损失: 0.0600 | 单轮耗时: 111.30s
2025-06-19 05:06:46 - INFO - Epoch 159 完成 | 训练损失: 0.0599 | 测试损失: 0.0590 | 单轮耗时: 111.40s
2025-06-19 05:08:50 - INFO - Epoch 160 完成 | 训练损失: 0.0593 | 测试损失: 0.0573 | 单轮耗时: 111.19s
2025-06-19 05:10:53 - INFO - Epoch 161 完成 | 训练损失: 0.0595 | 测试损失: 0.0583 | 单轮耗时: 111.30s
2025-06-19 05:12:56 - INFO - Epoch 162 完成 | 训练损失: 0.0595 | 测试损失: 0.0580 | 单轮耗时: 111.13s
2025-06-19 05:15:00 - INFO - Epoch 163 完成 | 训练损失: 0.0587 | 测试损失: 0.0604 | 单轮耗时: 111.21s
2025-06-19 05:15:02 - INFO - 训练损失更优（0.0587），已保存模型至 model/best_train_model.pkl
2025-06-19 05:17:05 - INFO - Epoch 164 完成 | 训练损失: 0.0593 | 测试损失: 0.0601 | 单轮耗时: 111.28s
2025-06-19 05:19:09 - INFO - Epoch 165 完成 | 训练损失: 0.0591 | 测试损失: 0.0569 | 单轮耗时: 111.44s
2025-06-19 05:19:11 - INFO - 平均损失更优（0.0587），已保存模型至 model/best_avg_model.pkl
2025-06-19 05:21:14 - INFO - Epoch 166 完成 | 训练损失: 0.0595 | 测试损失: 0.0581 | 单轮耗时: 111.20s
2025-06-19 05:23:17 - INFO - Epoch 167 完成 | 训练损失: 0.0599 | 测试损失: 0.0577 | 单轮耗时: 111.07s
2025-06-19 05:25:20 - INFO - Epoch 168 完成 | 训练损失: 0.0583 | 测试损失: 0.0573 | 单轮耗时: 111.29s
2025-06-19 05:25:22 - INFO - 训练损失更优（0.0583），已保存模型至 model/best_train_model.pkl
2025-06-19 05:25:24 - INFO - 平均损失更优（0.0581），已保存模型至 model/best_avg_model.pkl
2025-06-19 05:27:27 - INFO - Epoch 169 完成 | 训练损失: 0.0599 | 测试损失: 0.0605 | 单轮耗时: 111.30s
2025-06-19 05:29:31 - INFO - Epoch 170 完成 | 训练损失: 0.0603 | 测试损失: 0.0592 | 单轮耗时: 111.25s
2025-06-19 05:31:34 - INFO - Epoch 171 完成 | 训练损失: 0.0594 | 测试损失: 0.0568 | 单轮耗时: 111.37s
2025-06-19 05:33:37 - INFO - Epoch 172 完成 | 训练损失: 0.0589 | 测试损失: 0.0587 | 单轮耗时: 111.20s
2025-06-19 05:35:40 - INFO - Epoch 173 完成 | 训练损失: 0.0592 | 测试损失: 0.0571 | 单轮耗时: 111.41s
2025-06-19 05:37:44 - INFO - Epoch 174 完成 | 训练损失: 0.0585 | 测试损失: 0.0587 | 单轮耗时: 111.34s
2025-06-19 05:39:47 - INFO - Epoch 175 完成 | 训练损失: 0.0593 | 测试损失: 0.0563 | 单轮耗时: 111.39s
2025-06-19 05:39:49 - INFO - 测试损失更优（0.0563），已保存模型至 model/best_test_model.pkl
2025-06-19 05:41:53 - INFO - Epoch 176 完成 | 训练损失: 0.0596 | 测试损失: 0.0581 | 单轮耗时: 111.53s
2025-06-19 05:43:57 - INFO - Epoch 177 完成 | 训练损失: 0.0603 | 测试损失: 0.0585 | 单轮耗时: 111.34s
2025-06-19 05:46:00 - INFO - Epoch 178 完成 | 训练损失: 0.0591 | 测试损失: 0.0575 | 单轮耗时: 111.02s
2025-06-19 05:48:03 - INFO - Epoch 179 完成 | 训练损失: 0.0592 | 测试损失: 0.0574 | 单轮耗时: 111.35s
2025-06-19 05:50:07 - INFO - Epoch 180 完成 | 训练损失: 0.0593 | 测试损失: 0.0586 | 单轮耗时: 111.45s
2025-06-19 05:52:11 - INFO - Epoch 181 完成 | 训练损失: 0.0590 | 测试损失: 0.0580 | 单轮耗时: 111.40s
2025-06-19 05:54:14 - INFO - Epoch 182 完成 | 训练损失: 0.0585 | 测试损失: 0.0575 | 单轮耗时: 111.23s
2025-06-19 05:56:17 - INFO - Epoch 183 完成 | 训练损失: 0.0589 | 测试损失: 0.0575 | 单轮耗时: 111.33s
2025-06-19 05:58:21 - INFO - Epoch 184 完成 | 训练损失: 0.0587 | 测试损失: 0.0583 | 单轮耗时: 111.20s
2025-06-19 06:00:24 - INFO - Epoch 185 完成 | 训练损失: 0.0592 | 测试损失: 0.0576 | 单轮耗时: 111.32s
2025-06-19 06:02:27 - INFO - Epoch 186 完成 | 训练损失: 0.0595 | 测试损失: 0.0580 | 单轮耗时: 111.27s
2025-06-19 06:04:31 - INFO - Epoch 187 完成 | 训练损失: 0.0595 | 测试损失: 0.0588 | 单轮耗时: 111.38s
2025-06-19 06:06:34 - INFO - Epoch 188 完成 | 训练损失: 0.0584 | 测试损失: 0.0573 | 单轮耗时: 111.12s
2025-06-19 06:08:37 - INFO - Epoch 189 完成 | 训练损失: 0.0586 | 测试损失: 0.0586 | 单轮耗时: 111.14s
2025-06-19 06:10:40 - INFO - Epoch 190 完成 | 训练损失: 0.0591 | 测试损失: 0.0584 | 单轮耗时: 111.14s
2025-06-19 06:12:43 - INFO - Epoch 191 完成 | 训练损失: 0.0589 | 测试损失: 0.0573 | 单轮耗时: 111.18s
2025-06-19 06:14:47 - INFO - Epoch 192 完成 | 训练损失: 0.0598 | 测试损失: 0.0589 | 单轮耗时: 111.17s
2025-06-19 06:16:50 - INFO - Epoch 193 完成 | 训练损失: 0.0587 | 测试损失: 0.0589 | 单轮耗时: 111.38s
2025-06-19 06:18:54 - INFO - Epoch 194 完成 | 训练损失: 0.0591 | 测试损失: 0.0602 | 单轮耗时: 111.33s
2025-06-19 06:20:57 - INFO - Epoch 195 完成 | 训练损失: 0.0592 | 测试损失: 0.0581 | 单轮耗时: 111.36s
2025-06-19 06:23:00 - INFO - Epoch 196 完成 | 训练损失: 0.0585 | 测试损失: 0.0572 | 单轮耗时: 111.12s
2025-06-19 06:25:04 - INFO - Epoch 197 完成 | 训练损失: 0.0584 | 测试损失: 0.0584 | 单轮耗时: 111.20s
2025-06-19 06:27:07 - INFO - Epoch 198 完成 | 训练损失: 0.0592 | 测试损失: 0.0584 | 单轮耗时: 111.28s
2025-06-19 06:29:11 - INFO - Epoch 199 完成 | 训练损失: 0.0591 | 测试损失: 0.0571 | 单轮耗时: 111.15s
2025-06-19 06:29:11 - INFO - 训练指标已保存至：logger/training_metrics_20250618_233515.csv
2025-06-19 06:29:12 - INFO - 训练曲线已保存至 /root/pythonProject1/picture 文件夹
