2025-06-18 23:34:27 - INFO - Epoch 0 完成 | 训练损失: 0.1555 | 测试损失: 0.0907 | 单轮耗时: 96.94s
2025-06-18 23:34:31 - INFO - 训练损失更优（0.1555），已保存模型至 model/best_train_model.pkl
2025-06-18 23:34:34 - INFO - 测试损失更优（0.0907），已保存模型至 model/best_test_model.pkl
2025-06-18 23:34:37 - INFO - 平均损失更优（0.1447），已保存模型至 model/best_avg_model.pkl
2025-06-18 23:36:14 - INFO - Epoch 1 完成 | 训练损失: 0.0915 | 测试损失: 0.0816 | 单轮耗时: 91.70s
2025-06-18 23:36:18 - INFO - 训练损失更优（0.0915），已保存模型至 model/best_train_model.pkl
2025-06-18 23:36:21 - INFO - 测试损失更优（0.0816），已保存模型至 model/best_test_model.pkl
2025-06-18 23:36:24 - INFO - 平均损失更优（0.0898），已保存模型至 model/best_avg_model.pkl
2025-06-18 23:38:01 - INFO - Epoch 2 完成 | 训练损失: 0.0840 | 测试损失: 0.0772 | 单轮耗时: 91.44s
2025-06-18 23:38:04 - INFO - 训练损失更优（0.0840），已保存模型至 model/best_train_model.pkl
2025-06-18 23:38:07 - INFO - 测试损失更优（0.0772），已保存模型至 model/best_test_model.pkl
2025-06-18 23:38:10 - INFO - 平均损失更优（0.0828），已保存模型至 model/best_avg_model.pkl
2025-06-18 23:39:47 - INFO - Epoch 3 完成 | 训练损失: 0.0784 | 测试损失: 0.0712 | 单轮耗时: 91.38s
2025-06-18 23:39:50 - INFO - 训练损失更优（0.0784），已保存模型至 model/best_train_model.pkl
2025-06-18 23:39:54 - INFO - 测试损失更优（0.0712），已保存模型至 model/best_test_model.pkl
2025-06-18 23:39:57 - INFO - 平均损失更优（0.0772），已保存模型至 model/best_avg_model.pkl
2025-06-18 23:41:34 - INFO - Epoch 4 完成 | 训练损失: 0.0758 | 测试损失: 0.0700 | 单轮耗时: 91.50s
2025-06-18 23:41:37 - INFO - 训练损失更优（0.0758），已保存模型至 model/best_train_model.pkl
2025-06-18 23:41:41 - INFO - 测试损失更优（0.0700），已保存模型至 model/best_test_model.pkl
2025-06-18 23:41:44 - INFO - 平均损失更优（0.0748），已保存模型至 model/best_avg_model.pkl
2025-06-18 23:43:21 - INFO - Epoch 5 完成 | 训练损失: 0.0718 | 测试损失: 0.0718 | 单轮耗时: 91.46s
2025-06-18 23:43:24 - INFO - 训练损失更优（0.0718），已保存模型至 model/best_train_model.pkl
2025-06-18 23:43:27 - INFO - 平均损失更优（0.0718），已保存模型至 model/best_avg_model.pkl
2025-06-18 23:45:04 - INFO - Epoch 6 完成 | 训练损失: 0.0709 | 测试损失: 0.0680 | 单轮耗时: 91.58s
2025-06-18 23:45:08 - INFO - 训练损失更优（0.0709），已保存模型至 model/best_train_model.pkl
2025-06-18 23:45:11 - INFO - 测试损失更优（0.0680），已保存模型至 model/best_test_model.pkl
2025-06-18 23:45:15 - INFO - 平均损失更优（0.0704），已保存模型至 model/best_avg_model.pkl
2025-06-18 23:46:52 - INFO - Epoch 7 完成 | 训练损失: 0.0691 | 测试损失: 0.0653 | 单轮耗时: 91.95s
2025-06-18 23:46:56 - INFO - 训练损失更优（0.0691），已保存模型至 model/best_train_model.pkl
2025-06-18 23:46:59 - INFO - 测试损失更优（0.0653），已保存模型至 model/best_test_model.pkl
2025-06-18 23:47:02 - INFO - 平均损失更优（0.0685），已保存模型至 model/best_avg_model.pkl
2025-06-18 23:48:39 - INFO - Epoch 8 完成 | 训练损失: 0.0696 | 测试损失: 0.0669 | 单轮耗时: 91.69s
2025-06-18 23:50:16 - INFO - Epoch 9 完成 | 训练损失: 0.0686 | 测试损失: 0.0648 | 单轮耗时: 91.55s
2025-06-18 23:50:20 - INFO - 训练损失更优（0.0686），已保存模型至 model/best_train_model.pkl
2025-06-18 23:50:23 - INFO - 测试损失更优（0.0648），已保存模型至 model/best_test_model.pkl
2025-06-18 23:50:26 - INFO - 平均损失更优（0.0680），已保存模型至 model/best_avg_model.pkl
2025-06-18 23:52:03 - INFO - Epoch 10 完成 | 训练损失: 0.0669 | 测试损失: 0.0676 | 单轮耗时: 91.58s
2025-06-18 23:52:07 - INFO - 训练损失更优（0.0669），已保存模型至 model/best_train_model.pkl
2025-06-18 23:52:10 - INFO - 平均损失更优（0.0670），已保存模型至 model/best_avg_model.pkl
2025-06-18 23:53:48 - INFO - Epoch 11 完成 | 训练损失: 0.0659 | 测试损失: 0.0639 | 单轮耗时: 91.90s
2025-06-18 23:53:51 - INFO - 训练损失更优（0.0659），已保存模型至 model/best_train_model.pkl
2025-06-18 23:53:54 - INFO - 测试损失更优（0.0639），已保存模型至 model/best_test_model.pkl
2025-06-18 23:53:57 - INFO - 平均损失更优（0.0656），已保存模型至 model/best_avg_model.pkl
2025-06-18 23:55:35 - INFO - Epoch 12 完成 | 训练损失: 0.0659 | 测试损失: 0.0631 | 单轮耗时: 91.89s
2025-06-18 23:55:38 - INFO - 训练损失更优（0.0659），已保存模型至 model/best_train_model.pkl
2025-06-18 23:55:41 - INFO - 测试损失更优（0.0631），已保存模型至 model/best_test_model.pkl
2025-06-18 23:55:45 - INFO - 平均损失更优（0.0654），已保存模型至 model/best_avg_model.pkl
2025-06-18 23:57:22 - INFO - Epoch 13 完成 | 训练损失: 0.0661 | 测试损失: 0.0631 | 单轮耗时: 91.41s
2025-06-18 23:58:58 - INFO - Epoch 14 完成 | 训练损失: 0.0659 | 测试损失: 0.0602 | 单轮耗时: 91.23s
2025-06-18 23:59:01 - INFO - 测试损失更优（0.0602），已保存模型至 model/best_test_model.pkl
2025-06-18 23:59:05 - INFO - 平均损失更优（0.0650），已保存模型至 model/best_avg_model.pkl
2025-06-19 00:00:41 - INFO - Epoch 15 完成 | 训练损失: 0.0660 | 测试损失: 0.0606 | 单轮耗时: 91.25s
2025-06-19 00:02:18 - INFO - Epoch 16 完成 | 训练损失: 0.0668 | 测试损失: 0.0630 | 单轮耗时: 91.06s
2025-06-19 00:03:55 - INFO - Epoch 17 完成 | 训练损失: 0.0642 | 测试损失: 0.0641 | 单轮耗时: 91.05s
2025-06-19 00:03:58 - INFO - 训练损失更优（0.0642），已保存模型至 model/best_train_model.pkl
2025-06-19 00:04:01 - INFO - 平均损失更优（0.0642），已保存模型至 model/best_avg_model.pkl
2025-06-19 00:05:37 - INFO - Epoch 18 完成 | 训练损失: 0.0642 | 测试损失: 0.0621 | 单轮耗时: 91.07s
2025-06-19 00:05:41 - INFO - 训练损失更优（0.0642），已保存模型至 model/best_train_model.pkl
2025-06-19 00:05:44 - INFO - 平均损失更优（0.0638），已保存模型至 model/best_avg_model.pkl
2025-06-19 00:07:21 - INFO - Epoch 19 完成 | 训练损失: 0.0648 | 测试损失: 0.0627 | 单轮耗时: 91.24s
2025-06-19 00:08:57 - INFO - Epoch 20 完成 | 训练损失: 0.0654 | 测试损失: 0.0643 | 单轮耗时: 91.11s
2025-06-19 00:10:34 - INFO - Epoch 21 完成 | 训练损失: 0.0644 | 测试损失: 0.0631 | 单轮耗时: 91.11s
2025-06-19 00:12:10 - INFO - Epoch 22 完成 | 训练损失: 0.0644 | 测试损失: 0.0603 | 单轮耗时: 91.08s
2025-06-19 00:12:14 - INFO - 平均损失更优（0.0637），已保存模型至 model/best_avg_model.pkl
2025-06-19 00:13:51 - INFO - Epoch 23 完成 | 训练损失: 0.0639 | 测试损失: 0.0610 | 单轮耗时: 91.65s
2025-06-19 00:13:54 - INFO - 训练损失更优（0.0639），已保存模型至 model/best_train_model.pkl
2025-06-19 00:13:57 - INFO - 平均损失更优（0.0634），已保存模型至 model/best_avg_model.pkl
2025-06-19 00:15:34 - INFO - Epoch 24 完成 | 训练损失: 0.0640 | 测试损失: 0.0605 | 单轮耗时: 91.42s
2025-06-19 00:17:11 - INFO - Epoch 25 完成 | 训练损失: 0.0629 | 测试损失: 0.0652 | 单轮耗时: 91.24s
2025-06-19 00:17:14 - INFO - 训练损失更优（0.0629），已保存模型至 model/best_train_model.pkl
2025-06-19 00:17:17 - INFO - 平均损失更优（0.0633），已保存模型至 model/best_avg_model.pkl
2025-06-19 00:18:54 - INFO - Epoch 26 完成 | 训练损失: 0.0630 | 测试损失: 0.0614 | 单轮耗时: 91.37s
2025-06-19 00:18:58 - INFO - 平均损失更优（0.0627），已保存模型至 model/best_avg_model.pkl
2025-06-19 00:20:34 - INFO - Epoch 27 完成 | 训练损失: 0.0641 | 测试损失: 0.0639 | 单轮耗时: 91.43s
2025-06-19 00:22:11 - INFO - Epoch 28 完成 | 训练损失: 0.0628 | 测试损失: 0.0621 | 单轮耗时: 91.31s
2025-06-19 00:22:15 - INFO - 训练损失更优（0.0628），已保存模型至 model/best_train_model.pkl
2025-06-19 00:22:18 - INFO - 平均损失更优（0.0627），已保存模型至 model/best_avg_model.pkl
2025-06-19 00:23:55 - INFO - Epoch 29 完成 | 训练损失: 0.0627 | 测试损失: 0.0609 | 单轮耗时: 91.42s
2025-06-19 00:23:58 - INFO - 训练损失更优（0.0627），已保存模型至 model/best_train_model.pkl
2025-06-19 00:24:02 - INFO - 平均损失更优（0.0624），已保存模型至 model/best_avg_model.pkl
2025-06-19 00:25:39 - INFO - Epoch 30 完成 | 训练损失: 0.0622 | 测试损失: 0.0582 | 单轮耗时: 91.29s
2025-06-19 00:25:42 - INFO - 训练损失更优（0.0622），已保存模型至 model/best_train_model.pkl
2025-06-19 00:25:45 - INFO - 测试损失更优（0.0582），已保存模型至 model/best_test_model.pkl
2025-06-19 00:25:49 - INFO - 平均损失更优（0.0615），已保存模型至 model/best_avg_model.pkl
2025-06-19 00:27:25 - INFO - Epoch 31 完成 | 训练损失: 0.0622 | 测试损失: 0.0610 | 单轮耗时: 91.35s
2025-06-19 00:29:02 - INFO - Epoch 32 完成 | 训练损失: 0.0622 | 测试损失: 0.0614 | 单轮耗时: 91.24s
2025-06-19 00:29:05 - INFO - 训练损失更优（0.0622），已保存模型至 model/best_train_model.pkl
2025-06-19 00:30:42 - INFO - Epoch 33 完成 | 训练损失: 0.0629 | 测试损失: 0.0615 | 单轮耗时: 91.30s
2025-06-19 00:32:19 - INFO - Epoch 34 完成 | 训练损失: 0.0619 | 测试损失: 0.0617 | 单轮耗时: 91.14s
2025-06-19 00:32:22 - INFO - 训练损失更优（0.0619），已保存模型至 model/best_train_model.pkl
2025-06-19 00:33:59 - INFO - Epoch 35 完成 | 训练损失: 0.0614 | 测试损失: 0.0622 | 单轮耗时: 91.27s
2025-06-19 00:34:02 - INFO - 训练损失更优（0.0614），已保存模型至 model/best_train_model.pkl
2025-06-19 00:35:39 - INFO - Epoch 36 完成 | 训练损失: 0.0625 | 测试损失: 0.0614 | 单轮耗时: 91.33s
2025-06-19 00:37:16 - INFO - Epoch 37 完成 | 训练损失: 0.0625 | 测试损失: 0.0639 | 单轮耗时: 91.58s
2025-06-19 00:38:56 - INFO - Epoch 38 完成 | 训练损失: 0.0625 | 测试损失: 0.0596 | 单轮耗时: 94.08s
2025-06-19 00:40:34 - INFO - Epoch 39 完成 | 训练损失: 0.0625 | 测试损失: 0.0624 | 单轮耗时: 92.87s
2025-06-19 00:42:11 - INFO - Epoch 40 完成 | 训练损失: 0.0630 | 测试损失: 0.0614 | 单轮耗时: 91.45s
2025-06-19 00:43:48 - INFO - Epoch 41 完成 | 训练损失: 0.0604 | 测试损失: 0.0600 | 单轮耗时: 91.48s
2025-06-19 00:43:52 - INFO - 训练损失更优（0.0604），已保存模型至 model/best_train_model.pkl
2025-06-19 00:43:55 - INFO - 平均损失更优（0.0603），已保存模型至 model/best_avg_model.pkl
2025-06-19 00:45:32 - INFO - Epoch 42 完成 | 训练损失: 0.0613 | 测试损失: 0.0611 | 单轮耗时: 91.71s
2025-06-19 00:47:09 - INFO - Epoch 43 完成 | 训练损失: 0.0614 | 测试损失: 0.0612 | 单轮耗时: 91.70s
2025-06-19 00:48:47 - INFO - Epoch 44 完成 | 训练损失: 0.0618 | 测试损失: 0.0605 | 单轮耗时: 91.61s
2025-06-19 00:50:24 - INFO - Epoch 45 完成 | 训练损失: 0.0610 | 测试损失: 0.0588 | 单轮耗时: 91.45s
2025-06-19 00:52:00 - INFO - Epoch 46 完成 | 训练损失: 0.0615 | 测试损失: 0.0613 | 单轮耗时: 91.45s
2025-06-19 00:53:37 - INFO - Epoch 47 完成 | 训练损失: 0.0618 | 测试损失: 0.0602 | 单轮耗时: 91.47s
2025-06-19 00:55:14 - INFO - Epoch 48 完成 | 训练损失: 0.0602 | 测试损失: 0.0617 | 单轮耗时: 91.42s
2025-06-19 00:55:18 - INFO - 训练损失更优（0.0602），已保存模型至 model/best_train_model.pkl
2025-06-19 00:56:55 - INFO - Epoch 49 完成 | 训练损失: 0.0622 | 测试损失: 0.0597 | 单轮耗时: 91.55s
2025-06-19 00:58:31 - INFO - Epoch 50 完成 | 训练损失: 0.0625 | 测试损失: 0.0600 | 单轮耗时: 91.44s
2025-06-19 01:00:08 - INFO - Epoch 51 完成 | 训练损失: 0.0606 | 测试损失: 0.0625 | 单轮耗时: 91.50s
2025-06-19 01:01:45 - INFO - Epoch 52 完成 | 训练损失: 0.0625 | 测试损失: 0.0620 | 单轮耗时: 91.47s
2025-06-19 01:03:24 - INFO - Epoch 53 完成 | 训练损失: 0.0609 | 测试损失: 0.0620 | 单轮耗时: 92.75s
2025-06-19 01:05:03 - INFO - Epoch 54 完成 | 训练损失: 0.0619 | 测试损失: 0.0606 | 单轮耗时: 94.01s
2025-06-19 01:06:41 - INFO - Epoch 55 完成 | 训练损失: 0.0611 | 测试损失: 0.0617 | 单轮耗时: 92.45s
2025-06-19 01:08:18 - INFO - Epoch 56 完成 | 训练损失: 0.0613 | 测试损失: 0.0601 | 单轮耗时: 91.60s
2025-06-19 01:09:55 - INFO - Epoch 57 完成 | 训练损失: 0.0614 | 测试损失: 0.0599 | 单轮耗时: 91.63s
2025-06-19 01:11:33 - INFO - Epoch 58 完成 | 训练损失: 0.0601 | 测试损失: 0.0607 | 单轮耗时: 92.28s
2025-06-19 01:11:37 - INFO - 训练损失更优（0.0601），已保存模型至 model/best_train_model.pkl
2025-06-19 01:11:40 - INFO - 平均损失更优（0.0602），已保存模型至 model/best_avg_model.pkl
2025-06-19 01:13:20 - INFO - Epoch 59 完成 | 训练损失: 0.0609 | 测试损失: 0.0601 | 单轮耗时: 94.29s
2025-06-19 01:14:59 - INFO - Epoch 60 完成 | 训练损失: 0.0615 | 测试损失: 0.0596 | 单轮耗时: 93.13s
2025-06-19 01:16:36 - INFO - Epoch 61 完成 | 训练损失: 0.0621 | 测试损失: 0.0604 | 单轮耗时: 91.78s
2025-06-19 01:18:13 - INFO - Epoch 62 完成 | 训练损失: 0.0602 | 测试损失: 0.0608 | 单轮耗时: 91.72s
2025-06-19 01:19:51 - INFO - Epoch 63 完成 | 训练损失: 0.0613 | 测试损失: 0.0592 | 单轮耗时: 91.85s
2025-06-19 01:21:30 - INFO - Epoch 64 完成 | 训练损失: 0.0615 | 测试损失: 0.0588 | 单轮耗时: 93.97s
2025-06-19 01:23:09 - INFO - Epoch 65 完成 | 训练损失: 0.0609 | 测试损失: 0.0610 | 单轮耗时: 93.61s
2025-06-19 01:24:46 - INFO - Epoch 66 完成 | 训练损失: 0.0596 | 测试损失: 0.0604 | 单轮耗时: 91.68s
2025-06-19 01:24:50 - INFO - 训练损失更优（0.0596），已保存模型至 model/best_train_model.pkl
2025-06-19 01:24:53 - INFO - 平均损失更优（0.0597），已保存模型至 model/best_avg_model.pkl
2025-06-19 01:26:30 - INFO - Epoch 67 完成 | 训练损失: 0.0607 | 测试损失: 0.0627 | 单轮耗时: 91.85s
2025-06-19 01:28:08 - INFO - Epoch 68 完成 | 训练损失: 0.0604 | 测试损失: 0.0616 | 单轮耗时: 91.65s
2025-06-19 01:29:47 - INFO - Epoch 69 完成 | 训练损失: 0.0610 | 测试损失: 0.0620 | 单轮耗时: 93.39s
2025-06-19 01:31:26 - INFO - Epoch 70 完成 | 训练损失: 0.0601 | 测试损失: 0.0597 | 单轮耗时: 93.74s
2025-06-19 01:33:05 - INFO - Epoch 71 完成 | 训练损失: 0.0612 | 测试损失: 0.0595 | 单轮耗时: 93.59s
2025-06-19 01:34:42 - INFO - Epoch 72 完成 | 训练损失: 0.0614 | 测试损失: 0.0612 | 单轮耗时: 91.44s
2025-06-19 01:36:19 - INFO - Epoch 73 完成 | 训练损失: 0.0612 | 测试损失: 0.0609 | 单轮耗时: 91.42s
2025-06-19 01:37:56 - INFO - Epoch 74 完成 | 训练损失: 0.0608 | 测试损失: 0.0599 | 单轮耗时: 91.44s
2025-06-19 01:39:33 - INFO - Epoch 75 完成 | 训练损失: 0.0612 | 测试损失: 0.0600 | 单轮耗时: 91.48s
2025-06-19 01:41:10 - INFO - Epoch 76 完成 | 训练损失: 0.0602 | 测试损失: 0.0593 | 单轮耗时: 91.40s
2025-06-19 01:42:47 - INFO - Epoch 77 完成 | 训练损失: 0.0605 | 测试损失: 0.0600 | 单轮耗时: 91.40s
2025-06-19 01:44:23 - INFO - Epoch 78 完成 | 训练损失: 0.0610 | 测试损失: 0.0596 | 单轮耗时: 91.38s
2025-06-19 01:46:00 - INFO - Epoch 79 完成 | 训练损失: 0.0610 | 测试损失: 0.0592 | 单轮耗时: 91.34s
2025-06-19 01:47:37 - INFO - Epoch 80 完成 | 训练损失: 0.0610 | 测试损失: 0.0597 | 单轮耗时: 91.38s
2025-06-19 01:49:14 - INFO - Epoch 81 完成 | 训练损失: 0.0602 | 测试损失: 0.0590 | 单轮耗时: 91.38s
2025-06-19 01:50:51 - INFO - Epoch 82 完成 | 训练损失: 0.0602 | 测试损失: 0.0592 | 单轮耗时: 91.38s
2025-06-19 01:52:28 - INFO - Epoch 83 完成 | 训练损失: 0.0599 | 测试损失: 0.0571 | 单轮耗时: 91.38s
2025-06-19 01:52:31 - INFO - 测试损失更优（0.0571），已保存模型至 model/best_test_model.pkl
2025-06-19 01:52:34 - INFO - 平均损失更优（0.0595），已保存模型至 model/best_avg_model.pkl
2025-06-19 01:54:12 - INFO - Epoch 84 完成 | 训练损失: 0.0595 | 测试损失: 0.0603 | 单轮耗时: 91.59s
2025-06-19 01:54:15 - INFO - 训练损失更优（0.0595），已保存模型至 model/best_train_model.pkl
2025-06-19 01:55:53 - INFO - Epoch 85 完成 | 训练损失: 0.0604 | 测试损失: 0.0581 | 单轮耗时: 91.92s
2025-06-19 01:57:30 - INFO - Epoch 86 完成 | 训练损失: 0.0600 | 测试损失: 0.0587 | 单轮耗时: 91.75s
2025-06-19 01:59:07 - INFO - Epoch 87 完成 | 训练损失: 0.0607 | 测试损失: 0.0614 | 单轮耗时: 91.73s
2025-06-19 02:00:44 - INFO - Epoch 88 完成 | 训练损失: 0.0596 | 测试损失: 0.0601 | 单轮耗时: 91.68s
2025-06-19 02:02:21 - INFO - Epoch 89 完成 | 训练损失: 0.0614 | 测试损失: 0.0570 | 单轮耗时: 91.68s
2025-06-19 02:02:25 - INFO - 测试损失更优（0.0570），已保存模型至 model/best_test_model.pkl
2025-06-19 02:04:02 - INFO - Epoch 90 完成 | 训练损失: 0.0601 | 测试损失: 0.0597 | 单轮耗时: 91.86s
2025-06-19 02:05:39 - INFO - Epoch 91 完成 | 训练损失: 0.0605 | 测试损失: 0.0606 | 单轮耗时: 91.76s
2025-06-19 02:07:17 - INFO - Epoch 92 完成 | 训练损失: 0.0607 | 测试损失: 0.0609 | 单轮耗时: 91.82s
2025-06-19 02:08:54 - INFO - Epoch 93 完成 | 训练损失: 0.0609 | 测试损失: 0.0611 | 单轮耗时: 91.70s
2025-06-19 02:10:31 - INFO - Epoch 94 完成 | 训练损失: 0.0600 | 测试损失: 0.0598 | 单轮耗时: 91.67s
2025-06-19 02:12:08 - INFO - Epoch 95 完成 | 训练损失: 0.0607 | 测试损失: 0.0583 | 单轮耗时: 92.00s
2025-06-19 02:13:46 - INFO - Epoch 96 完成 | 训练损失: 0.0614 | 测试损失: 0.0591 | 单轮耗时: 92.04s
2025-06-19 02:15:23 - INFO - Epoch 97 完成 | 训练损失: 0.0615 | 测试损失: 0.0637 | 单轮耗时: 91.86s
2025-06-19 02:17:00 - INFO - Epoch 98 完成 | 训练损失: 0.0604 | 测试损失: 0.0610 | 单轮耗时: 91.62s
2025-06-19 02:18:38 - INFO - Epoch 99 完成 | 训练损失: 0.0609 | 测试损失: 0.0574 | 单轮耗时: 91.89s
2025-06-19 02:20:14 - INFO - Epoch 100 完成 | 训练损失: 0.0608 | 测试损失: 0.0603 | 单轮耗时: 91.49s
2025-06-19 02:21:52 - INFO - Epoch 101 完成 | 训练损失: 0.0593 | 测试损失: 0.0571 | 单轮耗时: 92.06s
2025-06-19 02:21:55 - INFO - 训练损失更优（0.0593），已保存模型至 model/best_train_model.pkl
2025-06-19 02:21:59 - INFO - 平均损失更优（0.0590），已保存模型至 model/best_avg_model.pkl
2025-06-19 02:23:36 - INFO - Epoch 102 完成 | 训练损失: 0.0601 | 测试损失: 0.0583 | 单轮耗时: 91.62s
2025-06-19 02:25:13 - INFO - Epoch 103 完成 | 训练损失: 0.0599 | 测试损失: 0.0602 | 单轮耗时: 91.59s
2025-06-19 02:26:50 - INFO - Epoch 104 完成 | 训练损失: 0.0600 | 测试损失: 0.0620 | 单轮耗时: 91.77s
2025-06-19 02:28:27 - INFO - Epoch 105 完成 | 训练损失: 0.0595 | 测试损失: 0.0604 | 单轮耗时: 91.52s
2025-06-19 02:30:05 - INFO - Epoch 106 完成 | 训练损失: 0.0605 | 测试损失: 0.0583 | 单轮耗时: 92.04s
2025-06-19 02:31:42 - INFO - Epoch 107 完成 | 训练损失: 0.0594 | 测试损失: 0.0588 | 单轮耗时: 91.49s
2025-06-19 02:33:18 - INFO - Epoch 108 完成 | 训练损失: 0.0594 | 测试损失: 0.0577 | 单轮耗时: 91.51s
2025-06-19 02:34:55 - INFO - Epoch 109 完成 | 训练损失: 0.0596 | 测试损失: 0.0607 | 单轮耗时: 91.47s
2025-06-19 02:36:32 - INFO - Epoch 110 完成 | 训练损失: 0.0599 | 测试损失: 0.0609 | 单轮耗时: 91.49s
2025-06-19 02:38:09 - INFO - Epoch 111 完成 | 训练损失: 0.0601 | 测试损失: 0.0584 | 单轮耗时: 91.56s
2025-06-19 02:39:48 - INFO - Epoch 112 完成 | 训练损失: 0.0604 | 测试损失: 0.0601 | 单轮耗时: 93.47s
2025-06-19 02:41:27 - INFO - Epoch 113 完成 | 训练损失: 0.0596 | 测试损失: 0.0599 | 单轮耗时: 93.38s
2025-06-19 02:43:05 - INFO - Epoch 114 完成 | 训练损失: 0.0592 | 测试损失: 0.0585 | 单轮耗时: 92.61s
2025-06-19 02:43:09 - INFO - 训练损失更优（0.0592），已保存模型至 model/best_train_model.pkl
2025-06-19 02:44:45 - INFO - Epoch 115 完成 | 训练损失: 0.0589 | 测试损失: 0.0580 | 单轮耗时: 91.16s
2025-06-19 02:44:49 - INFO - 训练损失更优（0.0589），已保存模型至 model/best_train_model.pkl
2025-06-19 02:44:52 - INFO - 平均损失更优（0.0588），已保存模型至 model/best_avg_model.pkl
2025-06-19 02:46:29 - INFO - Epoch 116 完成 | 训练损失: 0.0599 | 测试损失: 0.0605 | 单轮耗时: 91.30s
2025-06-19 02:48:06 - INFO - Epoch 117 完成 | 训练损失: 0.0602 | 测试损失: 0.0560 | 单轮耗时: 91.19s
2025-06-19 02:48:09 - INFO - 测试损失更优（0.0560），已保存模型至 model/best_test_model.pkl
2025-06-19 02:49:49 - INFO - Epoch 118 完成 | 训练损失: 0.0605 | 测试损失: 0.0599 | 单轮耗时: 94.39s
2025-06-19 02:51:27 - INFO - Epoch 119 完成 | 训练损失: 0.0599 | 测试损失: 0.0584 | 单轮耗时: 93.02s
2025-06-19 02:53:05 - INFO - Epoch 120 完成 | 训练损失: 0.0602 | 测试损失: 0.0579 | 单轮耗时: 92.04s
2025-06-19 02:54:41 - INFO - Epoch 121 完成 | 训练损失: 0.0605 | 测试损失: 0.0600 | 单轮耗时: 90.79s
2025-06-19 02:56:17 - INFO - Epoch 122 完成 | 训练损失: 0.0599 | 测试损失: 0.0604 | 单轮耗时: 90.72s
2025-06-19 02:57:54 - INFO - Epoch 123 完成 | 训练损失: 0.0599 | 测试损失: 0.0563 | 单轮耗时: 90.76s
2025-06-19 02:59:34 - INFO - Epoch 124 完成 | 训练损失: 0.0595 | 测试损失: 0.0608 | 单轮耗时: 95.10s
2025-06-19 03:01:15 - INFO - Epoch 125 完成 | 训练损失: 0.0597 | 测试损失: 0.0593 | 单轮耗时: 94.74s
2025-06-19 03:02:53 - INFO - Epoch 126 完成 | 训练损失: 0.0607 | 测试损失: 0.0585 | 单轮耗时: 92.46s
2025-06-19 03:04:29 - INFO - Epoch 127 完成 | 训练损失: 0.0599 | 测试损失: 0.0603 | 单轮耗时: 91.44s
2025-06-19 03:06:08 - INFO - Epoch 128 完成 | 训练损失: 0.0603 | 测试损失: 0.0591 | 单轮耗时: 92.58s
2025-06-19 03:07:47 - INFO - Epoch 129 完成 | 训练损失: 0.0602 | 测试损失: 0.0588 | 单轮耗时: 93.44s
2025-06-19 03:09:25 - INFO - Epoch 130 完成 | 训练损失: 0.0595 | 测试损失: 0.0596 | 单轮耗时: 93.04s
2025-06-19 03:11:02 - INFO - Epoch 131 完成 | 训练损失: 0.0605 | 测试损失: 0.0591 | 单轮耗时: 90.87s
2025-06-19 03:12:38 - INFO - Epoch 132 完成 | 训练损失: 0.0596 | 测试损失: 0.0580 | 单轮耗时: 90.66s
2025-06-19 03:14:14 - INFO - Epoch 133 完成 | 训练损失: 0.0592 | 测试损失: 0.0566 | 单轮耗时: 90.72s
2025-06-19 03:14:17 - INFO - 平均损失更优（0.0587），已保存模型至 model/best_avg_model.pkl
2025-06-19 03:15:53 - INFO - Epoch 134 完成 | 训练损失: 0.0595 | 测试损失: 0.0584 | 单轮耗时: 90.78s
2025-06-19 03:17:30 - INFO - Epoch 135 完成 | 训练损失: 0.0602 | 测试损失: 0.0584 | 单轮耗时: 90.66s
2025-06-19 03:19:06 - INFO - Epoch 136 完成 | 训练损失: 0.0589 | 测试损失: 0.0600 | 单轮耗时: 90.64s
2025-06-19 03:19:09 - INFO - 训练损失更优（0.0589），已保存模型至 model/best_train_model.pkl
2025-06-19 03:20:45 - INFO - Epoch 137 完成 | 训练损失: 0.0596 | 测试损失: 0.0589 | 单轮耗时: 90.75s
2025-06-19 03:22:22 - INFO - Epoch 138 完成 | 训练损失: 0.0598 | 测试损失: 0.0609 | 单轮耗时: 91.02s
2025-06-19 03:23:58 - INFO - Epoch 139 完成 | 训练损失: 0.0605 | 测试损失: 0.0591 | 单轮耗时: 90.91s
2025-06-19 03:25:35 - INFO - Epoch 140 完成 | 训练损失: 0.0589 | 测试损失: 0.0591 | 单轮耗时: 91.30s
2025-06-19 03:27:11 - INFO - Epoch 141 完成 | 训练损失: 0.0597 | 测试损失: 0.0587 | 单轮耗时: 90.84s
2025-06-19 03:28:47 - INFO - Epoch 142 完成 | 训练损失: 0.0594 | 测试损失: 0.0586 | 单轮耗时: 90.74s
2025-06-19 03:30:27 - INFO - Epoch 143 完成 | 训练损失: 0.0601 | 测试损失: 0.0605 | 单轮耗时: 94.13s
2025-06-19 03:32:06 - INFO - Epoch 144 完成 | 训练损失: 0.0594 | 测试损失: 0.0581 | 单轮耗时: 93.51s
2025-06-19 03:33:43 - INFO - Epoch 145 完成 | 训练损失: 0.0592 | 测试损失: 0.0612 | 单轮耗时: 91.74s
2025-06-19 03:35:20 - INFO - Epoch 146 完成 | 训练损失: 0.0598 | 测试损失: 0.0576 | 单轮耗时: 90.67s
2025-06-19 03:36:56 - INFO - Epoch 147 完成 | 训练损失: 0.0591 | 测试损失: 0.0586 | 单轮耗时: 90.64s
2025-06-19 03:38:32 - INFO - Epoch 148 完成 | 训练损失: 0.0599 | 测试损失: 0.0593 | 单轮耗时: 91.12s
2025-06-19 03:40:11 - INFO - Epoch 149 完成 | 训练损失: 0.0597 | 测试损失: 0.0576 | 单轮耗时: 93.21s
2025-06-19 03:41:47 - INFO - Epoch 150 完成 | 训练损失: 0.0590 | 测试损失: 0.0571 | 单轮耗时: 90.60s
2025-06-19 03:41:51 - INFO - 平均损失更优（0.0587），已保存模型至 model/best_avg_model.pkl
2025-06-19 03:43:27 - INFO - Epoch 151 完成 | 训练损失: 0.0584 | 测试损失: 0.0583 | 单轮耗时: 90.84s
2025-06-19 03:43:30 - INFO - 训练损失更优（0.0584），已保存模型至 model/best_train_model.pkl
2025-06-19 03:43:34 - INFO - 平均损失更优（0.0584），已保存模型至 model/best_avg_model.pkl
2025-06-19 03:45:10 - INFO - Epoch 152 完成 | 训练损失: 0.0602 | 测试损失: 0.0577 | 单轮耗时: 90.83s
2025-06-19 03:46:46 - INFO - Epoch 153 完成 | 训练损失: 0.0591 | 测试损失: 0.0594 | 单轮耗时: 90.69s
2025-06-19 03:48:22 - INFO - Epoch 154 完成 | 训练损失: 0.0593 | 测试损失: 0.0575 | 单轮耗时: 90.66s
2025-06-19 03:49:58 - INFO - Epoch 155 完成 | 训练损失: 0.0599 | 测试损失: 0.0596 | 单轮耗时: 90.65s
2025-06-19 03:51:34 - INFO - Epoch 156 完成 | 训练损失: 0.0600 | 测试损失: 0.0554 | 单轮耗时: 90.67s
2025-06-19 03:51:38 - INFO - 测试损失更优（0.0554），已保存模型至 model/best_test_model.pkl
2025-06-19 03:53:14 - INFO - Epoch 157 完成 | 训练损失: 0.0600 | 测试损失: 0.0600 | 单轮耗时: 90.85s
2025-06-19 03:54:50 - INFO - Epoch 158 完成 | 训练损失: 0.0593 | 测试损失: 0.0599 | 单轮耗时: 90.69s
2025-06-19 03:56:26 - INFO - Epoch 159 完成 | 训练损失: 0.0596 | 测试损失: 0.0597 | 单轮耗时: 90.69s
2025-06-19 03:58:02 - INFO - Epoch 160 完成 | 训练损失: 0.0591 | 测试损失: 0.0577 | 单轮耗时: 90.69s
2025-06-19 03:59:39 - INFO - Epoch 161 完成 | 训练损失: 0.0600 | 测试损失: 0.0579 | 单轮耗时: 90.72s
2025-06-19 04:01:15 - INFO - Epoch 162 完成 | 训练损失: 0.0608 | 测试损失: 0.0597 | 单轮耗时: 90.69s
2025-06-19 04:02:51 - INFO - Epoch 163 完成 | 训练损失: 0.0603 | 测试损失: 0.0599 | 单轮耗时: 90.67s
2025-06-19 04:04:27 - INFO - Epoch 164 完成 | 训练损失: 0.0603 | 测试损失: 0.0581 | 单轮耗时: 90.72s
2025-06-19 04:06:03 - INFO - Epoch 165 完成 | 训练损失: 0.0607 | 测试损失: 0.0558 | 单轮耗时: 90.69s
2025-06-19 04:07:39 - INFO - Epoch 166 完成 | 训练损失: 0.0583 | 测试损失: 0.0584 | 单轮耗时: 90.67s
2025-06-19 04:07:43 - INFO - 训练损失更优（0.0583），已保存模型至 model/best_train_model.pkl
2025-06-19 04:07:48 - INFO - 平均损失更优（0.0583），已保存模型至 model/best_avg_model.pkl
2025-06-19 04:09:24 - INFO - Epoch 167 完成 | 训练损失: 0.0586 | 测试损失: 0.0587 | 单轮耗时: 91.10s
2025-06-19 04:11:00 - INFO - Epoch 168 完成 | 训练损失: 0.0591 | 测试损失: 0.0577 | 单轮耗时: 90.72s
2025-06-19 04:12:36 - INFO - Epoch 169 完成 | 训练损失: 0.0587 | 测试损失: 0.0575 | 单轮耗时: 90.66s
2025-06-19 04:14:12 - INFO - Epoch 170 完成 | 训练损失: 0.0589 | 测试损失: 0.0565 | 单轮耗时: 90.65s
2025-06-19 04:15:49 - INFO - Epoch 171 完成 | 训练损失: 0.0586 | 测试损失: 0.0588 | 单轮耗时: 90.64s
2025-06-19 04:17:25 - INFO - Epoch 172 完成 | 训练损失: 0.0588 | 测试损失: 0.0583 | 单轮耗时: 90.64s
2025-06-19 04:19:01 - INFO - Epoch 173 完成 | 训练损失: 0.0597 | 测试损失: 0.0582 | 单轮耗时: 90.67s
2025-06-19 04:20:37 - INFO - Epoch 174 完成 | 训练损失: 0.0592 | 测试损失: 0.0566 | 单轮耗时: 90.65s
2025-06-19 04:22:13 - INFO - Epoch 175 完成 | 训练损失: 0.0586 | 测试损失: 0.0571 | 单轮耗时: 90.69s
2025-06-19 04:23:49 - INFO - Epoch 176 完成 | 训练损失: 0.0595 | 测试损失: 0.0575 | 单轮耗时: 90.67s
2025-06-19 04:25:25 - INFO - Epoch 177 完成 | 训练损失: 0.0583 | 测试损失: 0.0579 | 单轮耗时: 90.71s
2025-06-19 04:25:29 - INFO - 平均损失更优（0.0582），已保存模型至 model/best_avg_model.pkl
2025-06-19 04:27:05 - INFO - Epoch 178 完成 | 训练损失: 0.0600 | 测试损失: 0.0577 | 单轮耗时: 90.77s
2025-06-19 04:28:41 - INFO - Epoch 179 完成 | 训练损失: 0.0589 | 测试损失: 0.0602 | 单轮耗时: 90.61s
2025-06-19 04:30:17 - INFO - Epoch 180 完成 | 训练损失: 0.0587 | 测试损失: 0.0585 | 单轮耗时: 90.62s
2025-06-19 04:31:53 - INFO - Epoch 181 完成 | 训练损失: 0.0595 | 测试损失: 0.0587 | 单轮耗时: 90.59s
2025-06-19 04:33:29 - INFO - Epoch 182 完成 | 训练损失: 0.0604 | 测试损失: 0.0607 | 单轮耗时: 90.66s
2025-06-19 04:35:05 - INFO - Epoch 183 完成 | 训练损失: 0.0594 | 测试损失: 0.0581 | 单轮耗时: 90.66s
2025-06-19 04:36:42 - INFO - Epoch 184 完成 | 训练损失: 0.0586 | 测试损失: 0.0573 | 单轮耗时: 90.67s
2025-06-19 04:38:18 - INFO - Epoch 185 完成 | 训练损失: 0.0586 | 测试损失: 0.0587 | 单轮耗时: 90.62s
2025-06-19 04:39:54 - INFO - Epoch 186 完成 | 训练损失: 0.0592 | 测试损失: 0.0569 | 单轮耗时: 90.60s
2025-06-19 04:41:30 - INFO - Epoch 187 完成 | 训练损失: 0.0589 | 测试损失: 0.0584 | 单轮耗时: 90.63s
2025-06-19 04:43:06 - INFO - Epoch 188 完成 | 训练损失: 0.0597 | 测试损失: 0.0588 | 单轮耗时: 90.62s
2025-06-19 04:44:42 - INFO - Epoch 189 完成 | 训练损失: 0.0584 | 测试损失: 0.0597 | 单轮耗时: 90.65s
2025-06-19 04:46:18 - INFO - Epoch 190 完成 | 训练损失: 0.0600 | 测试损失: 0.0589 | 单轮耗时: 90.62s
2025-06-19 04:47:54 - INFO - Epoch 191 完成 | 训练损失: 0.0599 | 测试损失: 0.0568 | 单轮耗时: 90.62s
2025-06-19 04:49:30 - INFO - Epoch 192 完成 | 训练损失: 0.0588 | 测试损失: 0.0582 | 单轮耗时: 90.63s
2025-06-19 04:51:06 - INFO - Epoch 193 完成 | 训练损失: 0.0593 | 测试损失: 0.0603 | 单轮耗时: 90.68s
2025-06-19 04:52:42 - INFO - Epoch 194 完成 | 训练损失: 0.0581 | 测试损失: 0.0603 | 单轮耗时: 90.70s
2025-06-19 04:52:46 - INFO - 训练损失更优（0.0581），已保存模型至 model/best_train_model.pkl
2025-06-19 04:54:22 - INFO - Epoch 195 完成 | 训练损失: 0.0583 | 测试损失: 0.0569 | 单轮耗时: 90.78s
2025-06-19 04:54:25 - INFO - 平均损失更优（0.0581），已保存模型至 model/best_avg_model.pkl
2025-06-19 04:56:01 - INFO - Epoch 196 完成 | 训练损失: 0.0584 | 测试损失: 0.0573 | 单轮耗时: 90.78s
2025-06-19 04:57:38 - INFO - Epoch 197 完成 | 训练损失: 0.0596 | 测试损失: 0.0576 | 单轮耗时: 90.62s
2025-06-19 04:59:14 - INFO - Epoch 198 完成 | 训练损失: 0.0596 | 测试损失: 0.0583 | 单轮耗时: 90.63s
2025-06-19 05:00:50 - INFO - Epoch 199 完成 | 训练损失: 0.0593 | 测试损失: 0.0616 | 单轮耗时: 90.61s
2025-06-19 05:00:50 - INFO - 训练指标已保存至：logger/training_metrics_20250618_233242.csv
2025-06-19 05:00:50 - INFO - 训练曲线已保存至 /root/DDIM-jittor/picture 文件夹
